2018-09-11 10:28:33.3406|INFO||Influxdb address: http://192.168.99.100:8086/ db: ohmgraphite
2018-09-11 10:28:33.5083|INFO|Topshelf.HostFactory|Configuration Result:
[Success] Name OhmGraphite
[Success] DisplayName Ohm Graphite
[Success] Description Extract hardware sensor data and exports it to a given host and port in a graphite compatible format
[Success] ServiceName OhmGraphite
2018-09-11 10:28:33.5240|INFO|Topshelf.HostConfigurators.HostConfiguratorImpl|Topshelf v0.5.0.0, .NET Framework v4.0.30319.42000
2018-09-11 10:28:34.2486|INFO|Topshelf.Hosts.ConsoleRunHost|The OhmGraphite service is now running, press Control+C to exit.
2018-09-11 10:28:39.4809|INFO||Sent 17 metrics in 187,4152ms
2018-09-11 10:28:44.2848|INFO||Sent 17 metrics in 31,3966ms
2018-09-11 10:28:49.2703|INFO||Sent 17 metrics in 15,2161ms
2018-09-11 10:28:54.2875|INFO||Sent 17 metrics in 31,1368ms
2018-09-11 10:28:59.2912|INFO||Sent 17 metrics in 31,4166ms
2018-09-11 10:29:04.2989|INFO||Sent 17 metrics in 36,3419ms
2018-09-11 10:29:09.2818|INFO||Sent 17 metrics in 16,3228ms
2018-09-11 10:29:14.3005|INFO||Sent 17 metrics in 33,7871ms
2018-09-11 10:29:19.2903|INFO||Sent 17 metrics in 21,4046ms
2018-09-11 10:29:24.3135|INFO||Sent 17 metrics in 43,1329ms
2018-09-11 10:29:29.3172|INFO||Sent 17 metrics in 43,4412ms
2018-09-11 10:29:34.2993|INFO||Sent 17 metrics in 23,0901ms
2018-09-11 10:29:39.3106|INFO||Sent 17 metrics in 32,3903ms
2018-09-11 10:29:44.3016|INFO||Sent 17 metrics in 20,5273ms
2018-09-11 10:29:49.3026|INFO||Sent 17 metrics in 19,6098ms
2018-09-11 10:29:54.3168|INFO||Sent 17 metrics in 32,2471ms
2018-09-11 10:29:59.3075|INFO||Sent 17 metrics in 20,2895ms
2018-09-11 10:30:04.3293|INFO||Sent 17 metrics in 39,3964ms
2018-09-11 10:30:09.3132|INFO||Sent 17 metrics in 19,6549ms
2018-09-11 10:30:14.3274|INFO||Sent 17 metrics in 31,8584ms
2018-09-11 10:30:19.3345|INFO||Sent 17 metrics in 36,4092ms
2018-09-11 10:30:24.3334|INFO||Sent 17 metrics in 33,2034ms
2018-09-11 10:30:29.3429|INFO||Sent 17 metrics in 40,035ms
2018-09-11 10:30:34.3340|INFO||Sent 17 metrics in 27,2447ms
2018-09-11 10:30:39.3575|INFO||Sent 17 metrics in 47,3901ms
2018-09-11 10:30:44.3437|INFO||Sent 17 metrics in 30,8151ms
2018-09-11 10:30:49.3399|INFO||Sent 17 metrics in 23,7657ms
2018-09-11 10:30:54.3436|INFO||Sent 17 metrics in 24,9184ms
2018-09-11 10:30:59.3417|INFO||Sent 17 metrics in 21,4015ms
2018-09-11 10:31:04.3506|INFO||Sent 17 metrics in 28,8936ms
2018-09-11 10:31:09.3592|INFO||Sent 17 metrics in 34,5377ms
2018-09-11 10:31:14.3677|INFO||Sent 17 metrics in 40,1381ms
2018-09-11 10:31:19.3597|INFO||Sent 17 metrics in 29,5138ms
2018-09-11 10:31:24.3594|INFO||Sent 17 metrics in 26,1853ms
2018-09-11 10:31:29.3558|INFO||Sent 17 metrics in 21,0802ms
2018-09-11 10:31:34.3673|INFO||Sent 17 metrics in 30,9534ms
2018-09-11 10:31:39.3648|INFO||Sent 17 metrics in 26,2951ms
2018-09-11 10:31:44.3689|INFO||Sent 17 metrics in 27,8226ms
2018-09-11 10:31:49.3715|INFO||Sent 17 metrics in 28,0644ms
2018-09-11 10:31:54.3812|INFO||Sent 17 metrics in 35,2905ms
2018-09-11 10:31:59.3746|INFO||Sent 17 metrics in 25,5851ms
2018-09-11 10:32:04.3872|INFO||Sent 17 metrics in 33,4761ms
2018-09-11 10:32:09.3814|INFO||Sent 17 metrics in 25,2035ms
2018-09-11 10:32:14.3865|INFO||Sent 17 metrics in 28,1965ms
2018-09-11 10:32:19.3943|INFO||Sent 17 metrics in 34,0508ms
2018-09-11 10:32:24.4017|INFO||Sent 17 metrics in 37,7743ms
2018-09-11 10:32:29.3995|INFO||Sent 17 metrics in 31,538ms
2018-09-11 10:32:34.3891|INFO||Sent 17 metrics in 19,3831ms
2018-09-11 10:32:39.4007|INFO||Sent 17 metrics in 28,9975ms
2018-09-11 10:32:44.4175|INFO||Sent 17 metrics in 41,4148ms
2018-09-11 10:32:49.4116|INFO||Sent 17 metrics in 33,3899ms
2018-09-11 10:32:54.4078|INFO||Sent 17 metrics in 26,6463ms
2018-09-11 10:32:59.4062|INFO||Sent 17 metrics in 20,4809ms
2018-09-11 10:33:04.4174|INFO||Sent 17 metrics in 31,1779ms
2018-09-11 10:33:09.4251|INFO||Sent 17 metrics in 36,129ms
2018-09-11 10:33:14.4123|INFO||Sent 17 metrics in 19,538ms
2018-09-11 10:33:19.4292|INFO||Sent 17 metrics in 35,3275ms
2018-09-11 10:33:24.4284|INFO||Sent 17 metrics in 32,4595ms
2018-09-11 10:33:29.4313|INFO||Sent 17 metrics in 31,1944ms
2018-09-11 10:33:34.4333|INFO||Sent 17 metrics in 29,0462ms
2018-09-11 10:33:39.4420|INFO||Sent 17 metrics in 34,9674ms
2018-09-11 10:33:44.4525|INFO||Sent 17 metrics in 42,9088ms
2018-09-11 10:33:49.4366|INFO||Sent 17 metrics in 25,7524ms
2018-09-11 10:33:54.4533|INFO||Sent 17 metrics in 40,8079ms
2018-09-11 10:33:59.4503|INFO||Sent 17 metrics in 31,4903ms
2018-09-11 10:34:04.4539|INFO||Sent 17 metrics in 32,7946ms
2018-09-11 10:34:09.4705|INFO||Sent 17 metrics in 44,672ms
2018-09-11 10:34:14.4486|INFO||Sent 17 metrics in 19,4278ms
2018-09-11 10:34:19.4567|INFO||Sent 17 metrics in 26,5017ms
2018-09-11 10:34:24.4566|INFO||Sent 17 metrics in 24,2865ms
2018-09-11 10:34:29.4535|INFO||Sent 17 metrics in 19,2497ms
2018-09-11 10:34:34.4617|INFO||Sent 17 metrics in 26,3383ms
2018-09-11 10:34:39.4676|INFO||Sent 17 metrics in 28,7079ms
2018-09-11 10:34:44.4763|INFO||Sent 17 metrics in 34,6314ms
2018-09-11 10:34:49.4783|INFO||Sent 17 metrics in 34,0013ms
2018-09-11 10:34:54.4798|INFO||Sent 17 metrics in 32,1467ms
2018-09-11 10:34:59.4683|INFO||Sent 17 metrics in 18,8521ms
2018-09-11 10:35:04.4718|INFO||Sent 17 metrics in 20,459ms
2018-09-11 10:35:09.4707|INFO||Sent 17 metrics in 18,4491ms
2018-09-11 10:35:14.4830|INFO||Sent 17 metrics in 28,4705ms
2018-09-11 10:35:19.4712|INFO||Sent 17 metrics in 13,9992ms
2018-09-11 10:35:24.4882|INFO||Sent 17 metrics in 30,0931ms
2018-09-11 10:35:29.4919|INFO||Sent 17 metrics in 31,1052ms
2018-09-11 10:35:34.4968|INFO||Sent 17 metrics in 33,481ms
2018-09-11 10:35:39.4881|INFO||Sent 17 metrics in 21,8366ms
2018-09-11 10:35:44.4986|INFO||Sent 17 metrics in 30,8544ms
2018-09-11 10:35:49.4844|INFO||Sent 17 metrics in 14,0398ms
2018-09-11 10:35:54.5045|INFO||Sent 17 metrics in 32,3114ms
2018-09-11 10:35:59.5046|INFO||Sent 17 metrics in 29,757ms
2018-09-11 10:36:04.5072|INFO||Sent 17 metrics in 29,222ms
2018-09-11 10:36:09.5163|INFO||Sent 17 metrics in 35,212ms
2018-09-11 10:36:14.5147|INFO||Sent 17 metrics in 30,6946ms
2018-09-11 10:36:19.5067|INFO||Sent 17 metrics in 20,6563ms
2018-09-11 10:36:24.5405|INFO||Sent 17 metrics in 53,3385ms
2018-09-11 10:36:29.5193|INFO||Sent 17 metrics in 29,8762ms
2018-09-11 10:36:34.5252|INFO||Sent 17 metrics in 32,2855ms
2018-09-11 10:36:39.5317|INFO||Sent 17 metrics in 32,1788ms
2018-09-11 10:36:44.5173|INFO||Sent 17 metrics in 14,582ms
2018-09-11 10:36:49.5468|INFO||Sent 17 metrics in 42,0574ms
2018-09-11 10:36:54.5682|INFO||Sent 17 metrics in 60,5476ms
2018-09-11 10:36:59.5557|INFO||Sent 17 metrics in 43,4171ms
2018-09-11 10:37:04.5815|INFO||Sent 17 metrics in 64,7736ms
2018-09-11 10:37:09.5698|INFO||Sent 17 metrics in 49,1036ms
2018-09-11 10:37:14.5569|INFO||Sent 17 metrics in 31,8183ms
2018-09-11 10:37:19.5700|INFO||Sent 17 metrics in 40,6218ms
2018-09-11 10:37:24.5642|INFO||Sent 17 metrics in 32,3734ms
2018-09-11 10:37:29.5564|INFO||Sent 17 metrics in 22,3154ms
2018-09-11 10:37:34.5671|INFO||Sent 17 metrics in 30,779ms
2018-09-11 10:37:39.5669|INFO||Sent 17 metrics in 29,4523ms
2018-09-11 10:37:44.5682|INFO||Sent 17 metrics in 25,868ms
2018-09-11 10:37:49.5811|INFO||Sent 17 metrics in 34,9719ms
2018-09-11 10:37:54.5932|INFO||Sent 17 metrics in 45,1936ms
2018-09-11 10:37:59.5732|INFO||Sent 17 metrics in 22,3882ms
2018-09-11 10:38:04.5745|INFO||Sent 17 metrics in 19,5099ms
2018-09-11 10:38:09.5841|INFO||Sent 17 metrics in 27,7632ms
2018-09-11 10:38:14.5753|INFO||Sent 17 metrics in 16,0251ms
2018-09-11 10:38:19.5809|INFO||Sent 17 metrics in 20,0476ms
2018-09-11 10:38:24.5798|INFO||Sent 17 metrics in 16,8315ms
2018-09-11 10:38:29.6017|INFO||Sent 17 metrics in 21,6603ms
2018-09-11 10:38:34.6014|INFO||Sent 17 metrics in 20,3381ms
2018-09-11 10:38:39.6040|INFO||Sent 17 metrics in 22,2467ms
2018-09-11 10:38:44.6190|INFO||Sent 17 metrics in 36,1156ms
2018-09-11 10:38:49.6078|INFO||Sent 17 metrics in 21,8304ms
2018-09-11 10:38:54.6083|INFO||Sent 17 metrics in 20,7674ms
2018-09-11 10:38:59.6085|INFO||Sent 17 metrics in 19,6362ms
2018-09-11 10:39:04.6115|INFO||Sent 17 metrics in 21,2743ms
2018-09-11 10:39:09.6095|INFO||Sent 17 metrics in 17,8833ms
2018-09-11 10:39:14.6140|INFO||Sent 17 metrics in 20,8125ms
2018-09-11 10:39:19.6282|INFO||Sent 17 metrics in 32,9392ms
2018-09-11 10:39:24.6172|INFO||Sent 17 metrics in 19,7392ms
2018-09-11 10:39:29.6168|INFO||Sent 17 metrics in 18,0917ms
2018-09-11 10:39:34.6195|INFO||Sent 17 metrics in 19,6808ms
2018-09-11 10:39:39.6386|INFO||Sent 17 metrics in 36,9715ms
2018-09-11 10:39:44.6232|INFO||Sent 17 metrics in 18,5473ms
2018-09-11 10:39:49.6258|INFO||Sent 17 metrics in 20,0039ms
2018-09-11 10:39:54.6284|INFO||Sent 17 metrics in 20,8508ms
2018-09-11 10:39:59.6349|INFO||Sent 17 metrics in 26,3709ms
2018-09-11 10:40:04.6304|INFO||Sent 17 metrics in 20,3863ms
2018-09-11 10:40:09.6434|INFO||Sent 17 metrics in 32,2975ms
2018-09-11 10:40:14.6336|INFO||Sent 17 metrics in 20,2796ms
2018-09-11 10:40:19.6287|INFO||Sent 17 metrics in 13,5123ms
2018-09-11 10:40:24.6554|INFO||Sent 17 metrics in 37,6498ms
2018-09-11 10:40:29.6521|INFO||Sent 17 metrics in 32,4823ms
2018-09-11 10:40:34.6568|INFO||Sent 17 metrics in 33,2409ms
2018-09-11 10:40:39.6516|INFO||Sent 17 metrics in 26,5766ms
2018-09-11 10:40:44.6591|INFO||Sent 17 metrics in 32,3511ms
2018-09-11 10:40:49.6597|INFO||Sent 17 metrics in 30,961ms
2018-09-11 10:40:54.6515|INFO||Sent 17 metrics in 20,2203ms
2018-09-11 10:40:59.6718|INFO||Sent 17 metrics in 38,5044ms
2018-09-11 10:41:04.6748|INFO||Sent 17 metrics in 38,4406ms
2018-09-11 10:41:09.6674|INFO||Sent 17 metrics in 28,4214ms
2018-09-11 10:41:14.6744|INFO||Sent 17 metrics in 32,3881ms
2018-09-11 10:41:19.6814|INFO||Sent 17 metrics in 34,4413ms
2018-09-11 10:41:24.6695|INFO||Sent 17 metrics in 13,4025ms
2018-09-11 10:41:29.6893|INFO||Sent 17 metrics in 31,3305ms
2018-09-11 10:41:34.6886|INFO||Sent 17 metrics in 28,5111ms
2018-09-11 10:41:39.6875|INFO||Sent 17 metrics in 25,1585ms
2018-09-11 10:41:44.6812|INFO||Sent 17 metrics in 15,5584ms
2018-09-11 10:41:49.6957|INFO||Sent 17 metrics in 28,8364ms
2018-09-11 10:41:54.6901|INFO||Sent 17 metrics in 19,9405ms
2018-09-11 10:41:59.7026|INFO||Sent 17 metrics in 30,9396ms
2018-09-11 10:42:04.6999|INFO||Sent 17 metrics in 25,013ms
2018-09-11 10:42:09.7054|INFO||Sent 17 metrics in 27,0412ms
2018-09-11 10:42:14.7018|INFO||Sent 17 metrics in 21,1396ms
2018-09-11 10:42:19.7153|INFO||Sent 17 metrics in 32,1561ms
2018-09-11 10:42:24.7028|INFO||Sent 17 metrics in 17,4174ms
2018-09-11 10:42:29.7108|INFO||Sent 17 metrics in 23,1762ms
2018-09-11 10:42:34.7209|INFO||Sent 17 metrics in 31,8919ms
2018-09-11 10:42:39.7165|INFO||Sent 17 metrics in 24,2173ms
2018-09-11 10:42:44.7244|INFO||Sent 17 metrics in 29,5576ms
2018-09-11 10:42:49.7210|INFO||Sent 17 metrics in 22,8478ms
2018-09-11 10:42:54.7327|INFO||Sent 17 metrics in 32,9428ms
2018-09-11 10:42:59.7239|INFO||Sent 17 metrics in 22,2275ms
2018-09-11 10:43:04.7328|INFO||Sent 17 metrics in 28,4687ms
2018-09-11 10:43:09.7339|INFO||Sent 17 metrics in 26,848ms
2018-09-11 10:43:14.7316|INFO||Sent 17 metrics in 21,0994ms
2018-09-11 10:43:19.7269|INFO||Sent 17 metrics in 14,4503ms
2018-09-11 10:43:24.7476|INFO||Sent 17 metrics in 33,2257ms
2018-09-11 10:43:29.7477|INFO||Sent 17 metrics in 30,9276ms
2018-09-11 10:43:34.7515|INFO||Sent 17 metrics in 31,5487ms
2018-09-11 10:43:39.7445|INFO||Sent 17 metrics in 22,261ms
2018-09-11 10:43:44.7378|INFO||Sent 17 metrics in 13,4512ms
2018-09-11 10:43:49.7607|INFO||Sent 17 metrics in 33,3913ms
2018-09-11 10:43:54.7603|INFO||Sent 17 metrics in 29,7602ms
2018-09-11 10:43:59.7729|INFO||Sent 17 metrics in 39,7958ms
2018-09-11 10:44:04.7649|INFO||Sent 17 metrics in 28,2336ms
2018-09-11 10:44:09.7698|INFO||Sent 17 metrics in 30,8289ms
2018-09-11 10:44:14.7731|INFO||Sent 17 metrics in 30,853ms
2018-09-11 10:44:19.7678|INFO||Sent 17 metrics in 21,0106ms
2018-09-11 10:44:24.7768|INFO||Sent 17 metrics in 30,5567ms
2018-09-11 10:44:29.7648|INFO||Sent 17 metrics in 15,9435ms
2018-09-11 10:44:34.7806|INFO||Sent 17 metrics in 30,6027ms
2018-09-11 10:44:39.7743|INFO||Sent 17 metrics in 21,3979ms
2018-09-11 10:44:44.7844|INFO||Sent 17 metrics in 29,2153ms
2018-09-11 10:44:49.7838|INFO||Sent 17 metrics in 26,636ms
2018-09-11 10:44:54.7876|INFO||Sent 17 metrics in 27,7806ms
2018-09-11 10:44:59.7930|INFO||Sent 17 metrics in 30,9637ms
2018-09-11 10:45:04.7831|INFO||Sent 17 metrics in 18,857ms
2018-09-11 10:45:09.7991|INFO||Sent 17 metrics in 33,3935ms
2018-09-11 10:45:14.7880|INFO||Sent 17 metrics in 20,4113ms
2018-09-11 10:45:19.8067|INFO||Sent 17 metrics in 37,0215ms
2018-09-11 10:45:24.8040|INFO||Sent 17 metrics in 30,9757ms
2018-09-11 10:45:29.8099|INFO||Sent 17 metrics in 33,9531ms
2018-09-11 10:45:34.8112|INFO||Sent 17 metrics in 31,2056ms
2018-09-11 10:45:39.8159|INFO||Sent 17 metrics in 33,4011ms
2018-09-11 10:45:44.8173|INFO||Sent 17 metrics in 31,3925ms
2018-09-11 10:45:49.8293|INFO||Sent 17 metrics in 40,8258ms
2018-09-11 10:45:54.8176|INFO||Sent 17 metrics in 26,7556ms
2018-09-11 10:45:59.8258|INFO||Sent 17 metrics in 32,6942ms
2018-09-11 10:46:04.8258|INFO||Sent 17 metrics in 29,9873ms
2018-09-11 10:46:09.8381|INFO||Sent 17 metrics in 38,3138ms
2018-09-11 10:46:14.8236|INFO||Sent 17 metrics in 20,9633ms
2018-09-11 10:46:19.8353|INFO||Sent 17 metrics in 30,1618ms
2018-09-11 10:46:24.8306|INFO||Sent 17 metrics in 22,5796ms
2018-09-11 10:46:29.8350|INFO||Sent 17 metrics in 25,1937ms
2018-09-11 10:46:34.8423|INFO||Sent 17 metrics in 31,019ms
2018-09-11 10:46:39.8473|INFO||Sent 17 metrics in 31,5434ms
2018-09-11 10:46:44.8490|INFO||Sent 17 metrics in 30,3854ms
2018-09-11 10:46:49.8547|INFO||Sent 17 metrics in 33,7545ms
2018-09-11 10:46:54.8534|INFO||Sent 17 metrics in 30,1078ms
2018-09-11 10:46:59.8573|INFO||Sent 17 metrics in 30,7468ms
2018-09-11 10:47:04.8619|INFO||Sent 17 metrics in 32,0271ms
2018-09-11 10:47:09.8687|INFO||Sent 17 metrics in 35,9295ms
2018-09-11 10:47:14.8666|INFO||Sent 17 metrics in 31,6496ms
2018-09-11 10:47:19.8544|INFO||Sent 17 metrics in 16,7463ms
2018-09-11 10:47:24.8699|INFO||Sent 17 metrics in 29,106ms
2018-09-11 10:47:29.8733|INFO||Sent 17 metrics in 29,9936ms
2018-09-11 10:47:34.8780|INFO||Sent 17 metrics in 31,6116ms
2018-09-11 10:47:39.8762|INFO||Sent 17 metrics in 27,5539ms
2018-09-11 10:47:44.8822|INFO||Sent 17 metrics in 30,5264ms
2018-09-11 10:47:49.8846|INFO||Sent 17 metrics in 30,9539ms
2018-09-11 10:47:54.8882|INFO||Sent 17 metrics in 31,9013ms
2018-09-11 10:47:59.8899|INFO||Sent 17 metrics in 30,4278ms
2018-09-11 10:48:04.8968|INFO||Sent 17 metrics in 34,3927ms
2018-09-11 10:48:09.8888|INFO||Sent 17 metrics in 23,249ms
2018-09-11 10:48:14.8901|INFO||Sent 17 metrics in 23,3141ms
2018-09-11 10:48:19.9013|INFO||Sent 17 metrics in 31,833ms
2018-09-11 10:48:24.9022|INFO||Sent 17 metrics in 29,803ms
2018-09-11 10:48:29.9133|INFO||Sent 17 metrics in 37,2509ms
2018-09-11 10:48:34.9110|INFO||Sent 17 metrics in 32,4858ms
2018-09-11 10:48:39.9138|INFO||Sent 17 metrics in 32,9205ms
2018-09-11 10:48:44.9114|INFO||Sent 17 metrics in 27,5187ms
2018-09-11 10:48:49.9185|INFO||Sent 17 metrics in 32,09ms
2018-09-11 10:48:54.9219|INFO||Sent 17 metrics in 31,6661ms
2018-09-11 10:48:59.9248|INFO||Sent 17 metrics in 30,8981ms
2018-09-11 10:49:04.9284|INFO||Sent 17 metrics in 31,7955ms
2018-09-11 10:49:09.9158|INFO||Sent 17 metrics in 14,623ms
2018-09-11 10:49:14.9273|INFO||Sent 17 metrics in 24,39ms
2018-09-11 10:49:19.9373|INFO||Sent 17 metrics in 33,0669ms
2018-09-11 10:49:24.9299|INFO||Sent 17 metrics in 22,0147ms
2018-09-11 10:49:29.9410|INFO||Sent 17 metrics in 31,1654ms
2018-09-11 10:49:34.9372|INFO||Sent 17 metrics in 24,9469ms
2018-09-11 10:49:39.9393|INFO||Sent 17 metrics in 25,3057ms
2018-09-11 10:49:44.9383|INFO||Sent 17 metrics in 22,4181ms
2018-09-11 10:49:49.9654|INFO||Sent 17 metrics in 46,9322ms
2018-09-11 10:49:54.9408|INFO||Sent 17 metrics in 19,5599ms
2018-09-11 10:49:59.9386|INFO||Sent 17 metrics in 15,7467ms
2018-09-11 10:50:04.9523|INFO||Sent 17 metrics in 29,1359ms
2018-09-11 10:50:09.9597|INFO||Sent 17 metrics in 33,3542ms
2018-09-11 10:50:14.9538|INFO||Sent 17 metrics in 24,8332ms
2018-09-11 10:50:19.9520|INFO||Sent 17 metrics in 20,032ms
2018-09-11 10:50:24.9660|INFO||Sent 17 metrics in 32,9928ms
2018-09-11 10:50:29.9663|INFO||Sent 17 metrics in 30,579ms
2018-09-11 10:50:34.9761|INFO||Sent 17 metrics in 32,9633ms
2018-09-11 10:50:39.9858|INFO||Sent 17 metrics in 36,9117ms
2018-09-11 10:50:44.9870|INFO||Sent 17 metrics in 32,5363ms
2018-09-11 10:50:49.9930|INFO||Sent 17 metrics in 34,2409ms
2018-09-11 10:50:54.9954|INFO||Sent 17 metrics in 32,2703ms
2018-09-11 10:50:59.9841|INFO||Sent 17 metrics in 19,3073ms
2018-09-11 10:51:04.9959|INFO||Sent 17 metrics in 29,2073ms
2018-09-11 10:51:09.9958|INFO||Sent 17 metrics in 25,9064ms
2018-09-11 10:51:15.0028|INFO||Sent 17 metrics in 29,3849ms
2018-09-11 10:51:20.0008|INFO||Sent 17 metrics in 26,1005ms
2018-09-11 10:51:25.0122|INFO||Sent 17 metrics in 34,174ms
2018-09-11 10:51:30.0045|INFO||Sent 17 metrics in 22,987ms
2018-09-11 10:51:35.0023|INFO||Sent 17 metrics in 19,251ms
2018-09-11 10:51:40.0066|INFO||Sent 17 metrics in 22,1285ms
2018-09-11 10:51:45.0306|INFO||Sent 17 metrics in 41,8392ms
2018-09-11 10:51:50.0205|INFO||Sent 17 metrics in 24,7774ms
2018-09-11 10:51:55.0476|INFO||Sent 17 metrics in 43,6755ms
2018-09-11 10:52:00.0288|INFO||Sent 17 metrics in 21,3515ms
2018-09-11 10:52:05.0381|INFO||Sent 17 metrics in 28,1175ms
2018-09-11 10:52:10.0513|INFO||Sent 17 metrics in 40,4473ms
2018-09-11 10:52:15.0327|INFO||Sent 17 metrics in 20,5349ms
2018-09-11 10:52:20.0392|INFO||Sent 17 metrics in 25,8716ms
2018-09-11 10:52:25.0425|INFO||Sent 17 metrics in 24,635ms
2018-09-11 10:52:30.0405|INFO||Sent 17 metrics in 19,5438ms
2018-09-11 10:52:35.0427|INFO||Sent 17 metrics in 20,3751ms
2018-09-11 10:52:40.0389|INFO||Sent 17 metrics in 15,6592ms
2018-09-11 10:52:45.0578|INFO||Sent 17 metrics in 33,4297ms
2018-09-11 10:52:50.0449|INFO||Sent 17 metrics in 18,7178ms
2018-09-11 10:52:55.0471|INFO||Sent 17 metrics in 19,525ms
2018-09-11 10:53:00.0614|INFO||Sent 17 metrics in 32,6577ms
2018-09-11 10:53:05.0498|INFO||Sent 17 metrics in 18,7678ms
2018-09-11 10:53:10.0532|INFO||Sent 17 metrics in 21,4252ms
2018-09-11 10:53:15.0548|INFO||Sent 17 metrics in 21,456ms
2018-09-11 10:53:20.0570|INFO||Sent 17 metrics in 21,514ms
2018-09-11 10:53:25.0541|INFO||Sent 17 metrics in 16,931ms
2018-09-11 10:53:30.0645|INFO||Sent 17 metrics in 25,7631ms
2018-09-11 10:53:35.0749|INFO||Sent 17 metrics in 33,9388ms
2018-09-11 10:53:40.0797|INFO||Sent 17 metrics in 35,5774ms
2018-09-11 10:53:45.0715|INFO||Sent 17 metrics in 26,1215ms
2018-09-11 10:53:50.0794|INFO||Sent 17 metrics in 31,9271ms
2018-09-11 10:53:55.0725|INFO||Sent 17 metrics in 22,1503ms
2018-09-11 10:54:00.0723|INFO||Sent 17 metrics in 17,9302ms
2018-09-11 10:54:05.0751|INFO||Sent 17 metrics in 19,4166ms
2018-09-11 10:54:10.0898|INFO||Sent 17 metrics in 33,5269ms
2018-09-11 10:54:15.0753|INFO||Sent 17 metrics in 16,3937ms
2018-09-11 10:54:20.0837|INFO||Sent 17 metrics in 23,2472ms
2018-09-11 10:54:25.0825|INFO||Sent 17 metrics in 20,1962ms
2018-09-11 10:54:30.0831|INFO||Sent 17 metrics in 18,973ms
2018-09-11 10:54:35.0893|INFO||Sent 17 metrics in 23,4239ms
2018-09-11 10:54:40.0931|INFO||Sent 17 metrics in 25,3628ms
2018-09-11 10:54:45.1011|INFO||Sent 17 metrics in 31,2417ms
2018-09-11 10:54:50.1045|INFO||Sent 17 metrics in 32,2712ms
2018-09-11 10:54:55.0934|INFO||Sent 17 metrics in 19,3465ms
2018-09-11 10:55:00.0950|INFO||Sent 17 metrics in 19,0163ms
2018-09-11 10:55:05.1056|INFO||Sent 17 metrics in 28,1858ms
2018-09-11 10:55:10.1062|INFO||Sent 17 metrics in 26,5097ms
2018-09-11 10:55:15.1110|INFO||Sent 17 metrics in 29,4639ms
2018-09-11 10:55:20.1286|INFO||Sent 17 metrics in 43,7152ms
2018-09-11 10:55:25.1281|INFO||Sent 17 metrics in 39,4214ms
2018-09-11 10:55:30.1293|INFO||Sent 17 metrics in 37,3995ms
2018-09-11 10:55:35.1183|INFO||Sent 17 metrics in 23,1687ms
2018-09-11 10:55:40.1266|INFO||Sent 17 metrics in 29,6825ms
2018-09-11 10:55:45.1303|INFO||Sent 17 metrics in 30,0145ms
2018-09-11 10:55:50.1300|INFO||Sent 17 metrics in 26,0987ms
2018-09-11 10:55:55.1482|INFO||Sent 17 metrics in 42,3211ms
2018-09-11 10:56:00.1295|INFO||Sent 17 metrics in 20,5376ms
2018-09-11 10:56:05.1429|INFO||Sent 17 metrics in 32,4631ms
2018-09-11 10:56:10.1333|INFO||Sent 17 metrics in 22,2065ms
2018-09-11 10:56:15.1324|INFO||Sent 17 metrics in 19,7839ms
2018-09-11 10:56:20.1335|INFO||Sent 17 metrics in 19,4046ms
2018-09-11 10:56:25.1372|INFO||Sent 17 metrics in 22,244ms
2018-09-11 10:56:30.2630|INFO||Sent 17 metrics in 145,9683ms
2018-09-11 10:56:35.1416|INFO||Sent 17 metrics in 22,4859ms
2018-09-11 10:56:40.1442|INFO||Sent 17 metrics in 22,7242ms
2018-09-11 10:56:45.1503|INFO||Sent 17 metrics in 26,9292ms
2018-09-11 10:56:50.1381|INFO||Sent 17 metrics in 13,5119ms
2018-09-11 10:56:55.1520|INFO||Sent 17 metrics in 25,6386ms
2018-09-11 10:57:00.1610|INFO||Sent 17 metrics in 31,1324ms
2018-09-11 10:57:05.1581|INFO||Sent 17 metrics in 26,0327ms
2018-09-11 10:57:10.1588|INFO||Sent 17 metrics in 23,9598ms
2018-09-11 10:57:15.1584|INFO||Sent 17 metrics in 20,8861ms
2018-09-11 10:57:20.1576|INFO||Sent 17 metrics in 19,2801ms
2018-09-11 10:57:25.1673|INFO||Sent 17 metrics in 26,4767ms
2018-09-11 10:57:30.1753|INFO||Sent 17 metrics in 32,3328ms
2018-09-11 10:57:35.1589|INFO||Sent 17 metrics in 13,6435ms
2018-09-11 10:57:40.1756|INFO||Sent 17 metrics in 28,7226ms
2018-09-11 10:57:45.1724|INFO||Sent 17 metrics in 22,859ms
2018-09-11 10:57:50.1634|INFO||Sent 17 metrics in 13,3079ms
2018-09-11 10:57:55.1700|INFO||Sent 17 metrics in 17,8373ms
2018-09-11 10:58:00.1780|INFO||Sent 17 metrics in 22,9808ms
2018-09-11 10:58:05.1834|INFO||Sent 17 metrics in 24,5418ms
2018-09-11 10:58:10.1826|INFO||Sent 17 metrics in 21,489ms
2018-09-11 10:58:15.1861|INFO||Sent 17 metrics in 23,0937ms
2018-09-11 10:58:20.1800|INFO||Sent 17 metrics in 15,3879ms
2018-09-11 10:58:25.1880|INFO||Sent 17 metrics in 21,5265ms
2018-09-11 10:58:30.1923|INFO||Sent 17 metrics in 24,9126ms
2018-09-11 10:58:35.1852|INFO||Sent 17 metrics in 15,9595ms
2018-09-11 10:58:40.1933|INFO||Sent 17 metrics in 22,6581ms
2018-09-11 10:58:45.1938|INFO||Sent 17 metrics in 20,6906ms
2018-09-11 10:58:50.1871|INFO||Sent 17 metrics in 13,2254ms
2018-09-11 10:58:55.2018|INFO||Sent 17 metrics in 26,5508ms
2018-09-11 10:59:00.1975|INFO||Sent 17 metrics in 20,646ms
2018-09-11 10:59:05.2048|INFO||Sent 17 metrics in 26,4334ms
2018-09-11 10:59:10.2140|INFO||Sent 17 metrics in 32,5175ms
2018-09-11 10:59:15.2210|INFO||Sent 17 metrics in 36,4454ms
2018-09-11 10:59:20.2208|INFO||Sent 17 metrics in 32,854ms
2018-09-11 10:59:25.2135|INFO||Sent 17 metrics in 21,8906ms
2018-09-11 10:59:30.2144|INFO||Sent 17 metrics in 20,7571ms
2018-09-11 10:59:35.2233|INFO||Sent 17 metrics in 29,0957ms
2018-09-11 10:59:40.2170|INFO||Sent 17 metrics in 19,1743ms
2018-09-11 10:59:45.2234|INFO||Sent 17 metrics in 23,5096ms
2018-09-11 10:59:50.2161|INFO||Sent 17 metrics in 13,6752ms
2018-09-11 10:59:55.2346|INFO||Sent 17 metrics in 30,5322ms
2018-09-11 11:00:00.2263|INFO||Sent 17 metrics in 19,7473ms
2018-09-11 11:00:05.2491|INFO||Sent 17 metrics in 41,044ms
2018-09-11 11:00:10.2296|INFO||Sent 17 metrics in 16,2206ms
2018-09-11 11:00:15.2409|INFO||Sent 17 metrics in 25,3026ms
2018-09-11 11:00:20.2383|INFO||Sent 17 metrics in 21,1472ms
2018-09-11 11:00:25.2532|INFO||Sent 17 metrics in 31,8642ms
2018-09-11 11:00:30.2459|INFO||Sent 17 metrics in 21,5617ms
2018-09-11 11:00:35.2570|INFO||Sent 17 metrics in 31,8241ms
2018-09-11 11:00:40.2466|INFO||Sent 17 metrics in 18,0154ms
2018-09-11 11:00:45.2639|INFO||Sent 17 metrics in 33,6813ms
2018-09-11 11:00:50.2639|INFO||Sent 17 metrics in 30,6611ms
2018-09-11 11:00:55.2710|INFO||Sent 17 metrics in 34,6113ms
2018-09-11 11:01:00.2926|INFO||Sent 17 metrics in 53,534ms
2018-09-11 11:01:05.2627|INFO||Sent 17 metrics in 20,2971ms
2018-09-11 11:01:10.2695|INFO||Sent 17 metrics in 25,8314ms
2018-09-11 11:01:15.2764|INFO||Sent 17 metrics in 31,0034ms
2018-09-11 11:01:20.2726|INFO||Sent 17 metrics in 24,6181ms
2018-09-11 11:01:25.2678|INFO||Sent 17 metrics in 18,0605ms
2018-09-11 11:01:30.2863|INFO||Sent 17 metrics in 34,1709ms
2018-09-11 11:01:35.2737|INFO||Sent 17 metrics in 18,205ms
2018-09-11 11:01:40.2753|INFO||Sent 17 metrics in 19,1895ms
2018-09-11 11:01:45.2734|INFO||Sent 17 metrics in 15,4896ms
2018-09-11 11:01:50.3037|INFO||Sent 17 metrics in 44,5934ms
2018-09-11 11:01:55.2815|INFO||Sent 17 metrics in 18,4616ms
2018-09-11 11:02:00.2984|INFO||Sent 17 metrics in 33,082ms
2018-09-11 11:02:05.2972|INFO||Sent 17 metrics in 28,969ms
2018-09-11 11:02:10.3021|INFO||Sent 17 metrics in 30,7727ms
2018-09-11 11:02:15.3079|INFO||Sent 17 metrics in 34,6716ms
2018-09-11 11:02:20.3037|INFO||Sent 17 metrics in 27,665ms
2018-09-11 11:02:25.3085|INFO||Sent 17 metrics in 27,7806ms
2018-09-11 11:02:30.3035|INFO||Sent 17 metrics in 20,5041ms
2018-09-11 11:02:35.3187|INFO||Sent 17 metrics in 34,095ms
2018-09-11 11:02:40.3125|INFO||Sent 17 metrics in 26,1706ms
2018-09-11 11:02:45.3317|INFO||Sent 17 metrics in 42,7402ms
2018-09-11 11:02:50.3157|INFO||Sent 17 metrics in 24,2008ms
2018-09-11 11:02:55.3189|INFO||Sent 17 metrics in 24,8001ms
2018-09-11 11:03:00.3111|INFO||Sent 17 metrics in 15,379ms
2018-09-11 11:03:05.3264|INFO||Sent 17 metrics in 29,2528ms
2018-09-11 11:03:10.3309|INFO||Sent 17 metrics in 31,4559ms
2018-09-11 11:03:15.3418|INFO||Sent 17 metrics in 39,7927ms
2018-09-11 11:03:20.3292|INFO||Sent 17 metrics in 25,0625ms
2018-09-11 11:03:25.3352|INFO||Sent 17 metrics in 29,1269ms
2018-09-11 11:03:30.3444|INFO||Sent 17 metrics in 35,3963ms
2018-09-11 11:03:35.3374|INFO||Sent 17 metrics in 25,1696ms
2018-09-11 11:03:40.3514|INFO||Sent 17 metrics in 37,1009ms
2018-09-11 11:03:45.3459|INFO||Sent 17 metrics in 27,6539ms
2018-09-11 11:03:50.3499|INFO||Sent 17 metrics in 29,4362ms
2018-09-11 11:03:55.3536|INFO||Sent 17 metrics in 30,2564ms
2018-09-11 11:04:00.3518|INFO||Sent 17 metrics in 24,6854ms
2018-09-11 11:04:05.3620|INFO||Sent 17 metrics in 32,9856ms
2018-09-11 11:04:10.3666|INFO||Sent 17 metrics in 33,3551ms
2018-09-11 11:04:15.3733|INFO||Sent 17 metrics in 37,271ms
2018-09-11 11:04:20.3640|INFO||Sent 17 metrics in 24,739ms
2018-09-11 11:04:25.3600|INFO||Sent 17 metrics in 17,853ms
2018-09-11 11:04:30.3764|INFO||Sent 17 metrics in 32,3819ms
2018-09-11 11:04:35.3774|INFO||Sent 17 metrics in 30,7111ms
2018-09-11 11:04:40.3731|INFO||Sent 17 metrics in 23,5573ms
2018-09-11 11:04:45.3689|INFO||Sent 17 metrics in 18,4496ms
2018-09-11 11:04:50.3762|INFO||Sent 17 metrics in 24,1406ms
2018-09-11 11:04:55.3859|INFO||Sent 17 metrics in 30,949ms
2018-09-11 11:05:00.3881|INFO||Sent 17 metrics in 30,7312ms
2018-09-11 11:05:05.3924|INFO||Sent 17 metrics in 32,5519ms
2018-09-11 11:05:10.3906|INFO||Sent 17 metrics in 27,2496ms
2018-09-11 11:05:15.3948|INFO||Sent 17 metrics in 29,4835ms
2018-09-11 11:05:20.3991|INFO||Sent 17 metrics in 30,6643ms
2018-09-11 11:05:25.3977|INFO||Sent 17 metrics in 26,9519ms
2018-09-11 11:05:30.4035|INFO||Sent 17 metrics in 30,5594ms
2018-09-11 11:05:35.4015|INFO||Sent 17 metrics in 25,3115ms
2018-09-11 11:05:40.3998|INFO||Sent 17 metrics in 21,6791ms
2018-09-11 11:05:45.3929|INFO||Sent 17 metrics in 13,8827ms
2018-09-11 11:05:50.4221|INFO||Sent 17 metrics in 41,4933ms
2018-09-11 11:05:55.4158|INFO||Sent 17 metrics in 31,4157ms
2018-09-11 11:06:00.4201|INFO||Sent 17 metrics in 32,5559ms
2018-09-11 11:06:05.4230|INFO||Sent 17 metrics in 32,5256ms
2018-09-11 11:06:10.4165|INFO||Sent 17 metrics in 23,2026ms
2018-09-11 11:06:15.4267|INFO||Sent 17 metrics in 32,2949ms
2018-09-11 11:06:20.4321|INFO||Sent 17 metrics in 34,5609ms
2018-09-11 11:06:25.4301|INFO||Sent 17 metrics in 28,7231ms
2018-09-11 11:06:30.4341|INFO||Sent 17 metrics in 19,7526ms
2018-09-11 11:06:35.4507|INFO||Sent 17 metrics in 35,0995ms
2018-09-11 11:06:40.4520|INFO||Sent 17 metrics in 33,8067ms
2018-09-11 11:06:45.4338|INFO||Sent 17 metrics in 12,0839ms
2018-09-11 11:06:50.4575|INFO||Sent 17 metrics in 32,2248ms
2018-09-11 11:06:55.4460|INFO||Sent 17 metrics in 20,5501ms
2018-09-11 11:07:00.4614|INFO||Sent 17 metrics in 32,8879ms
2018-09-11 11:07:05.4590|INFO||Sent 17 metrics in 27,7815ms
2018-09-11 11:07:10.4627|INFO||Sent 17 metrics in 28,6642ms
2018-09-11 11:07:15.4659|INFO||Sent 17 metrics in 29,3536ms
2018-09-11 11:07:20.4617|INFO||Sent 17 metrics in 21,8469ms
2018-09-11 11:07:25.4729|INFO||Sent 17 metrics in 30,3706ms
2018-09-11 11:07:30.4793|INFO||Sent 17 metrics in 34,751ms
2018-09-11 11:07:35.4725|INFO||Sent 17 metrics in 24,3816ms
2018-09-11 11:07:40.4829|INFO||Sent 17 metrics in 34,1811ms
2018-09-11 11:07:45.4805|INFO||Sent 17 metrics in 28,3081ms
2018-09-11 11:07:50.4881|INFO||Sent 17 metrics in 32,692ms
2018-09-11 11:07:55.4906|INFO||Sent 17 metrics in 32,6559ms
2018-09-11 11:08:00.4910|INFO||Sent 17 metrics in 30,8503ms
2018-09-11 11:08:05.4862|INFO||Sent 17 metrics in 23,2619ms
2018-09-11 11:08:10.4820|INFO||Sent 17 metrics in 17,7133ms
2018-09-11 11:08:15.4994|INFO||Sent 17 metrics in 33,1989ms
2018-09-11 11:08:20.4938|INFO||Sent 17 metrics in 23,9996ms
2018-09-11 11:08:25.4880|INFO||Sent 17 metrics in 16,2826ms
2018-09-11 11:08:30.5095|INFO||Sent 17 metrics in 35,3659ms
2018-09-11 11:08:35.5081|INFO||Sent 17 metrics in 31,6188ms
2018-09-11 11:08:40.4958|INFO||Sent 17 metrics in 17,3599ms
2018-09-11 11:08:45.5018|INFO||Sent 17 metrics in 21,9736ms
2018-09-11 11:08:50.5086|INFO||Sent 17 metrics in 26,8132ms
2018-09-11 11:08:55.5194|INFO||Sent 17 metrics in 34,3021ms
2018-09-11 11:09:00.5160|INFO||Sent 17 metrics in 28,404ms
2018-09-11 11:09:05.5220|INFO||Sent 17 metrics in 32,4448ms
2018-09-11 11:09:10.5237|INFO||Sent 17 metrics in 33,0611ms
2018-09-11 11:09:15.5278|INFO||Sent 17 metrics in 32,4671ms
2018-09-11 11:09:20.5351|INFO||Sent 17 metrics in 35,3307ms
2018-09-11 11:09:25.5445|INFO||Sent 17 metrics in 32,6996ms
2018-09-11 11:09:30.5423|INFO||Sent 17 metrics in 26,1897ms
2018-09-11 11:09:35.5500|INFO||Sent 17 metrics in 31,6277ms
2018-09-11 11:09:40.5420|INFO||Sent 17 metrics in 20,3345ms
2018-09-11 11:09:45.5426|INFO||Sent 17 metrics in 18,7798ms
2018-09-11 11:09:50.5477|INFO||Sent 17 metrics in 22,4453ms
2018-09-11 11:09:55.5451|INFO||Sent 17 metrics in 19,3144ms
2018-09-11 11:10:00.5653|INFO||Sent 17 metrics in 37,1237ms
2018-09-11 11:10:05.5622|INFO||Sent 17 metrics in 31,8187ms
2018-09-11 11:10:10.5682|INFO||Sent 17 metrics in 33,311ms
2018-09-11 11:10:15.5651|INFO||Sent 17 metrics in 28,4732ms
2018-09-11 11:10:20.5668|INFO||Sent 17 metrics in 28,2965ms
2018-09-11 11:10:25.5664|INFO||Sent 17 metrics in 24,5096ms
2018-09-11 11:10:30.5780|INFO||Sent 17 metrics in 33,6626ms
2018-09-11 11:10:35.5789|INFO||Sent 17 metrics in 31,3122ms
2018-09-11 11:10:40.5833|INFO||Sent 17 metrics in 32,7264ms
2018-09-11 11:10:45.5730|INFO||Sent 17 metrics in 20,2007ms
2018-09-11 11:10:50.5871|INFO||Sent 17 metrics in 32,7737ms
2018-09-11 11:10:55.5896|INFO||Sent 17 metrics in 32,659ms
2018-09-11 11:11:00.5871|INFO||Sent 17 metrics in 26,7824ms
2018-09-11 11:11:05.5940|INFO||Sent 17 metrics in 30,4045ms
2018-09-11 11:11:10.6055|INFO||Sent 17 metrics in 38,9975ms
2018-09-11 11:11:15.6016|INFO||Sent 17 metrics in 32,0726ms
2018-09-11 11:11:20.5937|INFO||Sent 17 metrics in 20,3738ms
2018-09-11 11:11:25.6060|INFO||Sent 17 metrics in 31,0213ms
2018-09-11 11:11:30.6082|INFO||Sent 17 metrics in 30,8758ms
2018-09-11 11:11:35.6065|INFO||Sent 17 metrics in 26,1509ms
2018-09-11 11:11:40.6154|INFO||Sent 17 metrics in 32,7759ms
2018-09-11 11:11:45.6173|INFO||Sent 17 metrics in 30,6665ms
2018-09-11 11:11:50.6250|INFO||Sent 17 metrics in 34,9036ms
2018-09-11 11:11:55.6218|INFO||Sent 17 metrics in 29,4532ms
2018-09-11 11:12:00.6289|INFO||Sent 17 metrics in 33,3734ms
2018-09-11 11:12:05.6166|INFO||Sent 17 metrics in 19,2957ms
2018-09-11 11:12:10.6263|INFO||Sent 17 metrics in 27,9386ms
2018-09-11 11:12:15.6231|INFO||Sent 17 metrics in 21,8714ms
2018-09-11 11:12:20.6328|INFO||Sent 17 metrics in 29,6009ms
2018-09-11 11:12:25.6524|INFO||Sent 17 metrics in 45,4466ms
2018-09-11 11:12:30.6457|INFO||Sent 17 metrics in 35,1254ms
2018-09-11 11:12:35.6441|INFO||Sent 17 metrics in 31,2497ms
2018-09-11 11:12:40.6439|INFO||Sent 17 metrics in 27,9636ms
2018-09-11 11:12:45.6493|INFO||Sent 17 metrics in 31,7933ms
2018-09-11 11:12:50.6463|INFO||Sent 17 metrics in 25,6873ms
2018-09-11 11:12:55.6617|INFO||Sent 17 metrics in 39,2496ms
2018-09-11 11:13:00.6556|INFO||Sent 17 metrics in 29,7941ms
2018-09-11 11:13:05.6571|INFO||Sent 17 metrics in 27,0778ms
2018-09-11 11:13:10.6523|INFO||Sent 17 metrics in 19,762ms
2018-09-11 11:13:15.6665|INFO||Sent 17 metrics in 32,9013ms
2018-09-11 11:13:20.6544|INFO||Sent 17 metrics in 17,9645ms
2018-09-11 11:13:25.6688|INFO||Sent 17 metrics in 30,6772ms
2018-09-11 11:13:30.6727|INFO||Sent 17 metrics in 31,9191ms
2018-09-11 11:13:35.6807|INFO||Sent 17 metrics in 33,614ms
2018-09-11 11:13:40.6847|INFO||Sent 17 metrics in 34,6314ms
2018-09-11 11:13:45.6670|INFO||Sent 17 metrics in 13,8983ms
2018-09-11 11:13:50.6939|INFO||Sent 17 metrics in 38,4205ms
2018-09-11 11:13:55.6885|INFO||Sent 17 metrics in 30,3403ms
2018-09-11 11:14:00.6986|INFO||Sent 17 metrics in 36,1678ms
2018-09-11 11:14:05.6966|INFO||Sent 17 metrics in 31,2533ms
2018-09-11 11:14:10.6988|INFO||Sent 17 metrics in 30,9262ms
2018-09-11 11:14:15.6952|INFO||Sent 17 metrics in 23,7398ms
2018-09-11 11:14:20.6996|INFO||Sent 17 metrics in 25,2531ms
2018-09-11 11:14:25.7089|INFO||Sent 17 metrics in 31,4336ms
2018-09-11 11:14:30.7076|INFO||Sent 17 metrics in 27,1483ms
2018-09-11 11:14:35.7176|INFO||Sent 17 metrics in 32,1552ms
2018-09-11 11:14:40.7196|INFO||Sent 17 metrics in 30,7254ms
2018-09-11 11:14:45.7178|INFO||Sent 17 metrics in 25,1179ms
2018-09-11 11:14:50.7271|INFO||Sent 17 metrics in 32,2422ms
2018-09-11 11:14:55.7231|INFO||Sent 17 metrics in 26,0434ms
2018-09-11 11:15:00.7258|INFO||Sent 17 metrics in 26,4164ms
2018-09-11 11:15:05.7342|INFO||Sent 17 metrics in 32,1021ms
2018-09-11 11:15:10.7384|INFO||Sent 17 metrics in 30,8713ms
2018-09-11 11:15:15.7216|INFO||Sent 17 metrics in 11,4221ms
2018-09-11 11:15:20.7474|INFO||Sent 17 metrics in 35,1834ms
2018-09-11 11:15:25.7327|INFO||Sent 17 metrics in 19,5505ms
2018-09-11 11:15:30.7431|INFO||Sent 17 metrics in 27,3304ms
2018-09-11 11:15:35.7503|INFO||Sent 17 metrics in 30,7419ms
2018-09-11 11:15:40.7614|INFO||Sent 17 metrics in 37,4164ms
2018-09-11 11:15:45.7516|INFO||Sent 17 metrics in 25,2638ms
2018-09-11 11:15:50.7498|INFO||Sent 17 metrics in 20,9887ms
2018-09-11 11:15:55.7624|INFO||Sent 17 metrics in 32,8308ms
2018-09-11 11:16:00.7460|INFO||Sent 17 metrics in 13,2455ms
2018-09-11 11:16:05.7671|INFO||Sent 17 metrics in 31,9709ms
2018-09-11 11:16:10.7589|INFO||Sent 17 metrics in 20,8763ms
2018-09-11 11:16:15.7679|INFO||Sent 17 metrics in 27,6887ms
2018-09-11 11:16:20.7788|INFO||Sent 17 metrics in 36,9706ms
2018-09-11 11:16:25.7925|INFO||Sent 17 metrics in 34,1972ms
2018-09-11 11:16:30.7937|INFO||Sent 17 metrics in 32,7447ms
2018-09-11 11:16:35.7930|INFO||Sent 17 metrics in 28,9337ms
2018-09-11 11:16:40.8028|INFO||Sent 17 metrics in 35,9264ms
2018-09-11 11:16:45.7883|INFO||Sent 17 metrics in 19,256ms
2018-09-11 11:16:50.8025|INFO||Sent 17 metrics in 31,9914ms
2018-09-11 11:16:55.8121|INFO||Sent 17 metrics in 38,1523ms
2018-09-11 11:17:00.7984|INFO||Sent 17 metrics in 21,8482ms
2018-09-11 11:17:05.8095|INFO||Sent 17 metrics in 31,9472ms
2018-09-11 11:17:10.8116|INFO||Sent 17 metrics in 31,1922ms
2018-09-11 11:17:15.8062|INFO||Sent 17 metrics in 23,7305ms
2018-09-11 11:17:20.8047|INFO||Sent 17 metrics in 20,3979ms
2018-09-11 11:17:25.8050|INFO||Sent 17 metrics in 18,9025ms
2018-09-11 11:17:30.8142|INFO||Sent 17 metrics in 26,8582ms
2018-09-11 11:17:35.8186|INFO||Sent 17 metrics in 29,2831ms
2018-09-11 11:17:40.8237|INFO||Sent 17 metrics in 30,891ms
2018-09-11 11:17:45.8169|INFO||Sent 17 metrics in 22,1539ms
2018-09-11 11:17:50.8289|INFO||Sent 17 metrics in 32,7897ms
2018-09-11 11:17:55.8214|INFO||Sent 17 metrics in 22,8188ms
2018-09-11 11:18:00.8303|INFO||Sent 17 metrics in 31,2868ms
2018-09-11 11:18:05.8230|INFO||Sent 17 metrics in 21,0142ms
2018-09-11 11:18:10.8474|INFO||Sent 17 metrics in 42,7469ms
2018-09-11 11:18:15.8401|INFO||Sent 17 metrics in 32,7161ms
2018-09-11 11:18:20.8352|INFO||Sent 17 metrics in 25,7962ms
2018-09-11 11:18:25.8406|INFO||Sent 17 metrics in 30,2908ms
2018-09-11 11:18:30.8496|INFO||Sent 17 metrics in 35,9313ms
2018-09-11 11:18:35.8424|INFO||Sent 17 metrics in 25,2562ms
2018-09-11 11:18:40.8608|INFO||Sent 17 metrics in 40,8619ms
2018-09-11 11:18:45.8554|INFO||Sent 17 metrics in 31,2569ms
2018-09-11 11:18:50.8471|INFO||Sent 17 metrics in 21,2315ms
2018-09-11 11:18:55.8582|INFO||Sent 17 metrics in 30,5268ms
2018-09-11 11:19:00.8652|INFO||Sent 17 metrics in 34,3132ms
2018-09-11 11:19:05.8645|INFO||Sent 17 metrics in 30,5174ms
2018-09-11 11:19:10.8828|INFO||Sent 17 metrics in 46,8153ms
2018-09-11 11:19:15.8654|INFO||Sent 17 metrics in 25,7065ms
2018-09-11 11:19:20.8830|INFO||Sent 17 metrics in 40,9422ms
2018-09-11 11:19:25.8773|INFO||Sent 17 metrics in 32,1909ms
2018-09-11 11:19:30.8831|INFO||Sent 17 metrics in 33,4283ms
2018-09-11 11:19:35.8875|INFO||Sent 17 metrics in 35,0295ms
2018-09-11 11:19:40.8870|INFO||Sent 17 metrics in 32,136ms
2018-09-11 11:19:45.8836|INFO||Sent 17 metrics in 26,2995ms
2018-09-11 11:19:50.8902|INFO||Sent 17 metrics in 30,5531ms
2018-09-11 11:19:55.8933|INFO||Sent 17 metrics in 30,4496ms
2018-09-11 11:20:00.8984|INFO||Sent 17 metrics in 34,0482ms
2018-09-11 11:20:05.9000|INFO||Sent 17 metrics in 32,0253ms
2018-09-11 11:20:10.9042|INFO||Sent 17 metrics in 34,2588ms
2018-09-11 11:20:15.9056|INFO||Sent 17 metrics in 33,1097ms
2018-09-11 11:20:20.9071|INFO||Sent 17 metrics in 32,4903ms
2018-09-11 11:20:25.9092|INFO||Sent 17 metrics in 29,857ms
2018-09-11 11:20:30.9154|INFO||Sent 17 metrics in 33,6082ms
2018-09-11 11:20:35.9164|INFO||Sent 17 metrics in 31,1368ms
2018-09-11 11:20:40.9228|INFO||Sent 17 metrics in 34,9911ms
2018-09-11 11:20:45.9103|INFO||Sent 17 metrics in 20,1891ms
2018-09-11 11:20:50.9266|INFO||Sent 17 metrics in 34,1901ms
2018-09-11 11:20:55.9268|INFO||Sent 17 metrics in 32,9357ms
2018-09-11 11:21:00.9278|INFO||Sent 17 metrics in 31,2881ms
2018-09-11 11:21:05.9307|INFO||Sent 17 metrics in 32,3082ms
2018-09-11 11:21:10.9193|INFO||Sent 17 metrics in 17,9168ms
2018-09-11 11:21:15.9213|INFO||Sent 17 metrics in 19,0556ms
2018-09-11 11:21:20.9255|INFO||Sent 17 metrics in 19,6696ms
2018-09-11 11:21:25.9248|INFO||Sent 17 metrics in 17,1323ms
2018-09-11 11:21:30.9410|INFO||Sent 17 metrics in 32,0949ms
2018-09-11 11:21:35.9361|INFO||Sent 17 metrics in 24,6381ms
2018-09-11 11:21:40.9384|INFO||Sent 17 metrics in 25,3129ms
2018-09-11 11:21:45.9439|INFO||Sent 17 metrics in 28,7891ms
2018-09-11 11:21:50.9514|INFO||Sent 17 metrics in 32,5706ms
2018-09-11 11:21:55.9522|INFO||Sent 17 metrics in 26,9622ms
2018-09-11 11:22:00.9520|INFO||Sent 17 metrics in 23,3257ms
2018-09-11 11:22:05.9515|INFO||Sent 17 metrics in 20,1038ms
2018-09-11 11:22:10.9640|INFO||Sent 17 metrics in 30,5567ms
2018-09-11 11:22:15.9594|INFO||Sent 17 metrics in 23,245ms
2018-09-11 11:22:20.9556|INFO||Sent 17 metrics in 17,4366ms
2018-09-11 11:22:25.9681|INFO||Sent 17 metrics in 28,6575ms
2018-09-11 11:22:30.9575|INFO||Sent 17 metrics in 15,5039ms
2018-09-11 11:22:35.9687|INFO||Sent 17 metrics in 24,6283ms
2018-09-11 11:22:40.9725|INFO||Sent 17 metrics in 25,6016ms
2018-09-11 11:22:45.9878|INFO||Sent 17 metrics in 39,1269ms
2018-09-11 11:22:50.9811|INFO||Sent 17 metrics in 27,7329ms
2018-09-11 11:22:55.9832|INFO||Sent 17 metrics in 26,5365ms
2018-09-11 11:23:00.9838|INFO||Sent 17 metrics in 24,6654ms
2018-09-11 11:23:05.9927|INFO||Sent 17 metrics in 31,1435ms
2018-09-11 11:23:10.9932|INFO||Sent 17 metrics in 27,877ms
2018-09-11 11:23:15.9927|INFO||Sent 17 metrics in 24,7564ms
2018-09-11 11:23:21.0151|INFO||Sent 17 metrics in 44,0182ms
2018-09-11 11:23:25.9981|INFO||Sent 17 metrics in 24,5538ms
2018-09-11 11:23:31.0027|INFO||Sent 17 metrics in 26,8962ms
2018-09-11 11:23:36.0046|INFO||Sent 17 metrics in 24,8996ms
2018-09-11 11:23:41.0133|INFO||Sent 17 metrics in 30,2278ms
2018-09-11 11:23:46.0036|INFO||Sent 17 metrics in 19,1712ms
2018-09-11 11:23:51.0031|INFO||Sent 17 metrics in 17,2041ms
2018-09-11 11:23:56.0277|INFO||Sent 17 metrics in 40,2876ms
2018-09-11 11:24:01.0028|INFO||Sent 17 metrics in 12,6216ms
2018-09-11 11:24:06.0277|INFO||Sent 17 metrics in 36,0603ms
2018-09-11 11:24:11.0214|INFO||Sent 17 metrics in 27,4308ms
2018-09-11 11:24:16.0348|INFO||Sent 17 metrics in 38,8132ms
2018-09-11 11:24:21.0281|INFO||Sent 17 metrics in 29,6111ms
2018-09-11 11:24:26.0346|INFO||Sent 17 metrics in 33,6492ms
2018-09-11 11:24:31.0356|INFO||Sent 17 metrics in 32,1775ms
2018-09-11 11:24:36.0390|INFO||Sent 17 metrics in 30,6303ms
2018-09-11 11:24:41.0327|INFO||Sent 17 metrics in 21,6652ms
2018-09-11 11:24:46.0379|INFO||Sent 17 metrics in 26,2321ms
2018-09-11 11:24:51.0485|INFO||Sent 17 metrics in 31,5554ms
2018-09-11 11:24:56.0495|INFO||Sent 17 metrics in 30,3184ms
2018-09-11 11:25:01.0534|INFO||Sent 17 metrics in 31,4965ms
2018-09-11 11:25:06.0544|INFO||Sent 17 metrics in 29,4871ms
2018-09-11 11:25:11.0616|INFO||Sent 17 metrics in 34,9183ms
2018-09-11 11:25:16.0631|INFO||Sent 17 metrics in 33,12ms
2018-09-11 11:25:21.0599|INFO||Sent 17 metrics in 27,325ms
2018-09-11 11:25:26.0663|INFO||Sent 17 metrics in 31,1154ms
2018-09-11 11:25:31.0594|INFO||Sent 17 metrics in 21,2645ms
2018-09-11 11:25:36.0625|INFO||Sent 17 metrics in 24,0437ms
2018-09-11 11:25:41.0739|INFO||Sent 17 metrics in 33,4198ms
2018-09-11 11:25:46.0723|INFO||Sent 17 metrics in 28,6459ms
2018-09-11 11:25:51.0765|INFO||Sent 17 metrics in 30,0899ms
2018-09-11 11:25:56.0833|INFO||Sent 17 metrics in 32,364ms
2018-09-11 11:26:01.0862|INFO||Sent 17 metrics in 32,8901ms
2018-09-11 11:26:06.0867|INFO||Sent 17 metrics in 29,8802ms
2018-09-11 11:26:11.0966|INFO||Sent 17 metrics in 37,4807ms
2018-09-11 11:26:16.0841|INFO||Sent 17 metrics in 22,8375ms
2018-09-11 11:26:21.0991|INFO||Sent 17 metrics in 36,1335ms
2018-09-11 11:26:26.0978|INFO||Sent 17 metrics in 32,211ms
2018-09-11 11:26:31.0993|INFO||Sent 17 metrics in 31,5759ms
2018-09-11 11:26:36.1035|INFO||Sent 17 metrics in 33,3132ms
2018-09-11 11:26:41.1050|INFO||Sent 17 metrics in 32,1373ms
2018-09-11 11:26:46.1107|INFO||Sent 17 metrics in 34,8197ms
2018-09-11 11:26:51.1070|INFO||Sent 17 metrics in 26,5432ms
2018-09-11 11:26:56.1139|INFO||Sent 17 metrics in 31,1355ms
2018-09-11 11:27:01.1153|INFO||Sent 17 metrics in 29,097ms
2018-09-11 11:27:06.1052|INFO||Sent 17 metrics in 16,8511ms
2018-09-11 11:27:11.1091|INFO||Sent 17 metrics in 20,1404ms
2018-09-11 11:27:16.1237|INFO||Sent 17 metrics in 32,9687ms
2018-09-11 11:27:21.1097|INFO||Sent 17 metrics in 16,3638ms
2018-09-11 11:27:26.1245|INFO||Sent 17 metrics in 29,2684ms
2018-09-11 11:27:31.1209|INFO||Sent 17 metrics in 22,647ms
2018-09-11 11:27:36.1230|INFO||Sent 17 metrics in 22,7884ms
2018-09-11 11:27:41.1202|INFO||Sent 17 metrics in 18,7972ms
2018-09-11 11:27:46.1199|INFO||Sent 17 metrics in 17,2407ms
2018-09-11 11:27:51.1416|INFO||Sent 17 metrics in 37,3861ms
2018-09-11 11:27:56.1313|INFO||Sent 17 metrics in 23,2967ms
2018-09-11 11:28:01.1397|INFO||Sent 17 metrics in 29,8133ms
2018-09-11 11:28:06.1316|INFO||Sent 17 metrics in 19,106ms
2018-09-11 11:28:11.1503|INFO||Sent 17 metrics in 36,1491ms
2018-09-11 11:28:16.1297|INFO||Sent 17 metrics in 13,8153ms
2018-09-11 11:28:21.1451|INFO||Sent 17 metrics in 27,9631ms
2018-09-11 11:28:26.1513|INFO||Sent 17 metrics in 30,1252ms
2018-09-11 11:28:31.1468|INFO||Sent 17 metrics in 24,0897ms
2018-09-11 11:28:36.1548|INFO||Sent 17 metrics in 30,0422ms
2018-09-11 11:28:41.1500|INFO||Sent 17 metrics in 22,9143ms
2018-09-11 11:28:46.1473|INFO||Sent 17 metrics in 19,3822ms
2018-09-11 11:28:51.1501|INFO||Sent 17 metrics in 20,3676ms
2018-09-11 11:28:56.1661|INFO||Sent 17 metrics in 35,0031ms
2018-09-11 11:29:01.1564|INFO||Sent 17 metrics in 20,4541ms
2018-09-11 11:29:06.1710|INFO||Sent 17 metrics in 33,7273ms
2018-09-11 11:29:11.1683|INFO||Sent 17 metrics in 29,791ms
2018-09-11 11:29:16.1730|INFO||Sent 17 metrics in 31,6844ms
2018-09-11 11:29:21.1741|INFO||Sent 17 metrics in 29,9164ms
2018-09-11 11:29:26.1673|INFO||Sent 17 metrics in 20,862ms
2018-09-11 11:29:31.1696|INFO||Sent 17 metrics in 22,0294ms
2018-09-11 11:29:36.1745|INFO||Sent 17 metrics in 25,6547ms
2018-09-11 11:29:41.1655|INFO||Sent 17 metrics in 15,3093ms
2018-09-11 11:29:46.1836|INFO||Sent 17 metrics in 32,0164ms
2018-09-11 11:29:51.1997|INFO||Sent 17 metrics in 44,2119ms
2018-09-11 11:29:56.1937|INFO||Sent 17 metrics in 34,9768ms
2018-09-11 11:30:01.1919|INFO||Sent 17 metrics in 30,7022ms
2018-09-11 11:30:06.1966|INFO||Sent 17 metrics in 31,8299ms
2018-09-11 11:30:11.1951|INFO||Sent 17 metrics in 27,5954ms
2018-09-11 11:30:16.1971|INFO||Sent 17 metrics in 26,9809ms
2018-09-11 11:30:21.2052|INFO||Sent 17 metrics in 31,094ms
2018-09-11 11:30:26.2086|INFO||Sent 17 metrics in 31,6241ms
2018-09-11 11:30:31.2041|INFO||Sent 17 metrics in 24,4784ms
2018-09-11 11:30:36.2133|INFO||Sent 17 metrics in 31,7277ms
2018-09-11 11:30:41.2150|INFO||Sent 17 metrics in 31,5992ms
2018-09-11 11:30:46.2219|INFO||Sent 17 metrics in 35,9014ms
2018-09-11 11:30:51.2232|INFO||Sent 17 metrics in 33,9071ms
2018-09-11 11:30:56.2213|INFO||Sent 17 metrics in 28,5499ms
2018-09-11 11:31:01.2389|INFO||Sent 17 metrics in 42,8508ms
2018-09-11 11:31:06.2325|INFO||Sent 17 metrics in 34,4212ms
2018-09-11 11:31:11.2169|INFO||Sent 17 metrics in 16,8578ms
2018-09-11 11:31:16.2216|INFO||Sent 17 metrics in 19,4282ms
2018-09-11 11:31:21.2369|INFO||Sent 17 metrics in 33,0379ms
2018-09-11 11:31:26.2299|INFO||Sent 17 metrics in 22,6278ms
2018-09-11 11:31:31.2404|INFO||Sent 17 metrics in 30,5326ms
2018-09-11 11:31:36.2581|INFO||Sent 17 metrics in 45,5078ms
2018-09-11 11:31:41.2529|INFO||Sent 17 metrics in 37,4187ms
2018-09-11 11:31:46.2477|INFO||Sent 17 metrics in 28,7699ms
2018-09-11 11:31:51.2554|INFO||Sent 17 metrics in 33,6077ms
2018-09-11 11:31:56.2576|INFO||Sent 17 metrics in 33,1253ms
2018-09-11 11:32:01.2497|INFO||Sent 17 metrics in 22,3145ms
2018-09-11 11:32:06.2516|INFO||Sent 17 metrics in 22,3547ms
2018-09-11 11:32:11.2497|INFO||Sent 17 metrics in 18,255ms
2018-09-11 11:32:16.2565|INFO||Sent 17 metrics in 24,1508ms
2018-09-11 11:32:21.2708|INFO||Sent 17 metrics in 35,1223ms
2018-09-11 11:32:26.2719|INFO||Sent 17 metrics in 30,7682ms
2018-09-11 11:32:31.2775|INFO||Sent 17 metrics in 34,0901ms
2018-09-11 11:32:36.2869|INFO||Sent 17 metrics in 39,6436ms
2018-09-11 11:32:41.2846|INFO||Sent 17 metrics in 32,3698ms
2018-09-11 11:32:46.2843|INFO||Sent 17 metrics in 29,5576ms
2018-09-11 11:32:51.2871|INFO||Sent 17 metrics in 30,0069ms
2018-09-11 11:32:56.2919|INFO||Sent 17 metrics in 31,9642ms
2018-09-11 11:33:01.2941|INFO||Sent 17 metrics in 31,6576ms
2018-09-11 11:33:06.3009|INFO||Sent 17 metrics in 34,46ms
2018-09-11 11:33:11.2939|INFO||Sent 17 metrics in 25,229ms
2018-09-11 11:33:16.3021|INFO||Sent 17 metrics in 31,858ms
2018-09-11 11:33:21.3054|INFO||Sent 17 metrics in 32,2587ms
2018-09-11 11:33:26.3080|INFO||Sent 17 metrics in 31,6331ms
2018-09-11 11:33:31.3070|INFO||Sent 17 metrics in 27,5468ms
2018-09-11 11:33:36.3079|INFO||Sent 17 metrics in 26,6164ms
2018-09-11 11:33:41.3054|INFO||Sent 17 metrics in 22,4672ms
2018-09-11 11:33:46.2999|INFO||Sent 17 metrics in 14,582ms
2018-09-11 11:33:51.3195|INFO||Sent 17 metrics in 33,3806ms
2018-09-11 11:33:56.3187|INFO||Sent 17 metrics in 30,1069ms
2018-09-11 11:34:01.3242|INFO||Sent 17 metrics in 32,0574ms
2018-09-11 11:34:06.3274|INFO||Sent 17 metrics in 32,3511ms
2018-09-11 11:34:11.3357|INFO||Sent 17 metrics in 36,9157ms
2018-09-11 11:34:16.3243|INFO||Sent 17 metrics in 22,888ms
2018-09-11 11:34:21.3321|INFO||Sent 17 metrics in 28,8565ms
2018-09-11 11:34:26.3325|INFO||Sent 17 metrics in 26,9662ms
2018-09-11 11:34:31.3268|INFO||Sent 17 metrics in 19,4925ms
2018-09-11 11:34:36.3414|INFO||Sent 17 metrics in 32,8602ms
2018-09-11 11:34:41.3436|INFO||Sent 17 metrics in 32,7706ms
2018-09-11 11:34:46.3421|INFO||Sent 17 metrics in 28,3299ms
2018-09-11 11:34:51.3520|INFO||Sent 17 metrics in 35,3128ms
2018-09-11 11:34:56.3545|INFO||Sent 17 metrics in 35,5141ms
2018-09-11 11:35:01.3533|INFO||Sent 17 metrics in 30,4041ms
2018-09-11 11:35:06.3548|INFO||Sent 17 metrics in 29,4273ms
2018-09-11 11:35:11.3473|INFO||Sent 17 metrics in 19,314ms
2018-09-11 11:35:16.3606|INFO||Sent 17 metrics in 31,2515ms
2018-09-11 11:35:21.3656|INFO||Sent 17 metrics in 33,6465ms
2018-09-11 11:35:26.3646|INFO||Sent 17 metrics in 29,239ms
2018-09-11 11:35:31.3712|INFO||Sent 17 metrics in 33,3346ms
2018-09-11 11:35:36.3588|INFO||Sent 17 metrics in 18,546ms
2018-09-11 11:35:41.3731|INFO||Sent 17 metrics in 30,5523ms
2018-09-11 11:35:46.3758|INFO||Sent 17 metrics in 30,6643ms
2018-09-11 11:35:51.3857|INFO||Sent 17 metrics in 37,0224ms
2018-09-11 11:35:56.3730|INFO||Sent 17 metrics in 19,0551ms
2018-09-11 11:36:01.3846|INFO||Sent 17 metrics in 29,5951ms
2018-09-11 11:36:06.3853|INFO||Sent 17 metrics in 28,0917ms
2018-09-11 11:36:11.3950|INFO||Sent 17 metrics in 33,4497ms
2018-09-11 11:36:16.3971|INFO||Sent 17 metrics in 32,5385ms
2018-09-11 11:36:21.4029|INFO||Sent 17 metrics in 35,7707ms
2018-09-11 11:36:26.3955|INFO||Sent 17 metrics in 25,1156ms
2018-09-11 11:36:31.4035|INFO||Sent 17 metrics in 30,9865ms
2018-09-11 11:36:36.4115|INFO||Sent 17 metrics in 36,0728ms
2018-09-11 11:36:41.4007|INFO||Sent 17 metrics in 20,5184ms
2018-09-11 11:36:46.4152|INFO||Sent 17 metrics in 32,8103ms
2018-09-11 11:36:51.4116|INFO||Sent 17 metrics in 26,827ms
2018-09-11 11:36:56.4182|INFO||Sent 17 metrics in 30,4715ms
2018-09-11 11:37:01.4236|INFO||Sent 17 metrics in 33,1369ms
2018-09-11 11:37:06.4285|INFO||Sent 17 metrics in 31,1783ms
2018-09-11 11:37:11.4373|INFO||Sent 17 metrics in 37,4669ms
2018-09-11 11:37:16.4319|INFO||Sent 17 metrics in 28,3027ms
2018-09-11 11:37:21.4294|INFO||Sent 17 metrics in 24,8149ms
2018-09-11 11:37:26.4410|INFO||Sent 17 metrics in 34,9509ms
2018-09-11 11:37:31.4357|INFO||Sent 17 metrics in 25,403ms
2018-09-11 11:37:36.4306|INFO||Sent 17 metrics in 18,0578ms
2018-09-11 11:37:41.4451|INFO||Sent 17 metrics in 32,0905ms
2018-09-11 11:37:46.4552|INFO||Sent 17 metrics in 39,1648ms
2018-09-11 11:37:51.4532|INFO||Sent 17 metrics in 33,5662ms
2018-09-11 11:37:56.4561|INFO||Sent 17 metrics in 32,1784ms
2018-09-11 11:38:01.4496|INFO||Sent 17 metrics in 22,9906ms
2018-09-11 11:38:06.4586|INFO||Sent 17 metrics in 29,8744ms
2018-09-11 11:38:11.4586|INFO||Sent 17 metrics in 27,7891ms
2018-09-11 11:38:16.4624|INFO||Sent 17 metrics in 28,7231ms
2018-09-11 11:38:21.4704|INFO||Sent 17 metrics in 33,0744ms
2018-09-11 11:38:26.4709|INFO||Sent 17 metrics in 29,5719ms
2018-09-11 11:38:31.4695|INFO||Sent 17 metrics in 25,9037ms
2018-09-11 11:38:36.4800|INFO||Sent 17 metrics in 34,0754ms
2018-09-11 11:38:41.4818|INFO||Sent 17 metrics in 33,9223ms
2018-09-11 11:38:46.4809|INFO||Sent 17 metrics in 31,0458ms
2018-09-11 11:38:51.4859|INFO||Sent 17 metrics in 32,7911ms
2018-09-11 11:38:56.4845|INFO||Sent 17 metrics in 27,6967ms
2018-09-11 11:39:01.4840|INFO||Sent 17 metrics in 24,3441ms
2018-09-11 11:39:06.5006|INFO||Sent 17 metrics in 38,52ms
2018-09-11 11:39:11.4760|INFO||Sent 17 metrics in 12,3449ms
2018-09-11 11:39:16.4782|INFO||Sent 17 metrics in 13,5449ms
2018-09-11 11:39:21.4787|INFO||Sent 17 metrics in 12,1816ms
2018-09-11 11:39:26.4797|INFO||Sent 17 metrics in 12,0901ms
2018-09-11 11:39:31.4822|INFO||Sent 17 metrics in 12,7947ms
2018-09-11 11:39:36.4896|INFO||Sent 17 metrics in 18,882ms
2018-09-11 11:39:41.4887|INFO||Sent 17 metrics in 16,495ms
2018-09-11 11:39:46.4930|INFO||Sent 17 metrics in 18,9708ms
2018-09-11 11:39:51.4911|INFO||Sent 17 metrics in 16,0113ms
2018-09-11 11:39:57.1195|INFO||Sent 17 metrics in 642,6587ms
2018-09-11 11:40:01.4941|INFO||Sent 17 metrics in 16,176ms
2018-09-11 11:40:06.4985|INFO||Sent 17 metrics in 19,3778ms
2018-09-11 11:40:11.5035|INFO||Sent 17 metrics in 22,1481ms
2018-09-11 11:40:16.5110|INFO||Sent 17 metrics in 28,1617ms
2018-09-11 11:40:21.5135|INFO||Sent 17 metrics in 28,5584ms
2018-09-11 11:40:26.5219|INFO||Sent 17 metrics in 33,8041ms
2018-09-11 11:40:31.5178|INFO||Sent 17 metrics in 26,6378ms
2018-09-11 11:40:36.5308|INFO||Sent 17 metrics in 35,8514ms
2018-09-11 11:40:41.5296|INFO||Sent 17 metrics in 29,7334ms
2018-09-11 11:40:46.5202|INFO||Sent 17 metrics in 18,4987ms
2018-09-11 11:40:51.5375|INFO||Sent 17 metrics in 33,3462ms
2018-09-11 11:40:56.5274|INFO||Sent 17 metrics in 22,0584ms
2018-09-11 11:41:01.5452|INFO||Sent 17 metrics in 37,964ms
2018-09-11 11:41:06.5294|INFO||Sent 17 metrics in 18,9177ms
2018-09-11 11:41:11.5374|INFO||Sent 17 metrics in 25,4686ms
2018-09-11 11:41:16.5458|INFO||Sent 17 metrics in 32,132ms
2018-09-11 11:41:21.5481|INFO||Sent 17 metrics in 31,239ms
2018-09-11 11:41:26.5347|INFO||Sent 17 metrics in 15,3758ms
2018-09-11 11:41:31.5435|INFO||Sent 17 metrics in 20,3484ms
2018-09-11 11:41:36.5542|INFO||Sent 17 metrics in 30,1301ms
2018-09-11 11:41:41.5570|INFO||Sent 17 metrics in 30,6977ms
2018-09-11 11:41:46.5541|INFO||Sent 17 metrics in 25,1237ms
2018-09-11 11:41:51.5511|INFO||Sent 17 metrics in 19,4719ms
2018-09-11 11:41:56.5620|INFO||Sent 17 metrics in 28,911ms
2018-09-11 11:42:01.7304|INFO||Sent 17 metrics in 194,8457ms
2018-09-11 11:42:06.5667|INFO||Sent 17 metrics in 26,81ms
2018-09-11 11:42:11.5680|INFO||Sent 17 metrics in 26,2353ms
2018-09-11 11:42:16.5758|INFO||Sent 17 metrics in 30,9048ms
2018-09-11 11:42:21.5820|INFO||Sent 17 metrics in 34,1521ms
2018-09-11 11:42:26.5856|INFO||Sent 17 metrics in 32,0699ms
2018-09-11 11:42:31.5998|INFO||Sent 17 metrics in 44,3279ms
2018-09-11 11:42:36.5915|INFO||Sent 17 metrics in 31,3381ms
2018-09-11 11:42:41.5990|INFO||Sent 17 metrics in 36,561ms
2018-09-11 11:42:46.5961|INFO||Sent 17 metrics in 32,3087ms
2018-09-11 11:42:51.5870|INFO||Sent 17 metrics in 21,6237ms
2018-09-11 11:42:56.5859|INFO||Sent 17 metrics in 18,6558ms
2018-09-11 11:43:01.5906|INFO||Sent 17 metrics in 21,2007ms
2018-09-11 11:43:06.5867|INFO||Sent 17 metrics in 14,1893ms
2018-09-11 11:43:11.5974|INFO||Sent 17 metrics in 24,199ms
2018-09-11 11:43:16.5936|INFO||Sent 17 metrics in 18,533ms
2018-09-11 11:43:21.6084|INFO||Sent 17 metrics in 32,0418ms
2018-09-11 11:43:26.5975|INFO||Sent 17 metrics in 18,6879ms
2018-09-11 11:43:31.6101|INFO||Sent 17 metrics in 29,3394ms
2018-09-11 11:43:36.6031|INFO||Sent 17 metrics in 20,7888ms
2018-09-11 11:43:41.6012|INFO||Sent 17 metrics in 17,0109ms
2018-09-11 11:43:46.6095|INFO||Sent 17 metrics in 23,3422ms
2018-09-11 11:43:51.6115|INFO||Sent 17 metrics in 23,8019ms
2018-09-11 11:43:56.6258|INFO||Sent 17 metrics in 35,8184ms
2018-09-11 11:44:01.6295|INFO||Sent 17 metrics in 30,7673ms
2018-09-11 11:44:06.6432|INFO||Sent 17 metrics in 39,7267ms
2018-09-11 11:44:11.6422|INFO||Sent 17 metrics in 36,0911ms
2018-09-11 11:44:16.6427|INFO||Sent 17 metrics in 31,2734ms
2018-09-11 11:44:21.6523|INFO||Sent 17 metrics in 37,453ms
2018-09-11 11:44:26.6479|INFO||Sent 17 metrics in 32,0476ms
2018-09-11 11:44:31.6383|INFO||Sent 17 metrics in 20,0177ms
2018-09-11 11:44:36.6426|INFO||Sent 17 metrics in 22,4685ms
2018-09-11 11:44:41.6522|INFO||Sent 17 metrics in 29,7026ms
2018-09-11 11:44:46.6438|INFO||Sent 17 metrics in 19,1475ms
2018-09-11 11:44:51.6460|INFO||Sent 17 metrics in 20,2564ms
2018-09-11 11:44:56.6630|INFO||Sent 17 metrics in 35,228ms
2018-09-11 11:45:01.6584|INFO||Sent 17 metrics in 28,5589ms
2018-09-11 11:45:06.6614|INFO||Sent 17 metrics in 28,2514ms
2018-09-11 11:45:11.6674|INFO||Sent 17 metrics in 32,518ms
2018-09-11 11:45:16.6673|INFO||Sent 17 metrics in 29,0413ms
2018-09-11 11:45:21.6523|INFO||Sent 17 metrics in 13,3887ms
2018-09-11 11:45:26.6727|INFO||Sent 17 metrics in 31,7379ms
2018-09-11 11:45:31.6696|INFO||Sent 17 metrics in 25,9537ms
2018-09-11 11:45:36.6815|INFO||Sent 17 metrics in 36,054ms
2018-09-11 11:45:41.6623|INFO||Sent 17 metrics in 13,224ms
2018-09-11 11:45:46.6917|INFO||Sent 17 metrics in 40,1171ms
2018-09-11 11:45:51.6889|INFO||Sent 17 metrics in 34,3213ms
2018-09-11 11:45:56.6947|INFO||Sent 17 metrics in 36,5837ms
2018-09-11 11:46:01.6943|INFO||Sent 17 metrics in 32,2034ms
2018-09-11 11:46:06.6935|INFO||Sent 17 metrics in 28,3179ms
2018-09-11 11:46:11.7005|INFO||Sent 17 metrics in 33,3828ms
2018-09-11 11:46:16.6918|INFO||Sent 17 metrics in 21,8112ms
2018-09-11 11:46:21.7009|INFO||Sent 17 metrics in 28,9319ms
2018-09-11 11:46:26.7064|INFO||Sent 17 metrics in 33,3627ms
2018-09-11 11:46:31.7117|INFO||Sent 17 metrics in 35,9019ms
2018-09-11 11:46:36.6982|INFO||Sent 17 metrics in 20,4827ms
2018-09-11 11:46:41.7003|INFO||Sent 17 metrics in 20,6054ms
2018-09-11 11:46:46.7017|INFO||Sent 17 metrics in 20,3363ms
2018-09-11 11:46:51.7157|INFO||Sent 17 metrics in 32,4426ms
2018-09-11 11:46:56.7096|INFO||Sent 17 metrics in 24,3293ms
2018-09-11 11:47:01.7165|INFO||Sent 17 metrics in 29,7133ms
2018-09-11 11:47:06.7134|INFO||Sent 17 metrics in 23,9728ms
2018-09-11 11:47:11.7190|INFO||Sent 17 metrics in 28,0729ms
2018-09-11 11:47:16.7206|INFO||Sent 17 metrics in 26,9421ms
2018-09-11 11:47:21.7185|INFO||Sent 17 metrics in 22,2284ms
2018-09-11 11:47:26.7292|INFO||Sent 17 metrics in 30,9293ms
2018-09-11 11:47:31.7282|INFO||Sent 17 metrics in 28,6624ms
2018-09-11 11:47:36.7240|INFO||Sent 17 metrics in 21,8375ms
2018-09-11 11:47:41.7348|INFO||Sent 17 metrics in 29,8173ms
2018-09-11 11:47:46.7344|INFO||Sent 17 metrics in 25,3584ms
2018-09-11 11:47:51.7393|INFO||Sent 17 metrics in 27,5919ms
2018-09-11 11:47:56.7446|INFO||Sent 17 metrics in 30,534ms
2018-09-11 11:48:01.7427|INFO||Sent 17 metrics in 26,3575ms
2018-09-11 11:48:06.7597|INFO||Sent 17 metrics in 39,9368ms
2018-09-11 11:48:11.7465|INFO||Sent 17 metrics in 24,4922ms
2018-09-11 11:48:16.7395|INFO||Sent 17 metrics in 14,7025ms
2018-09-11 11:48:21.7547|INFO||Sent 17 metrics in 27,308ms
2018-09-11 11:48:26.7504|INFO||Sent 17 metrics in 18,5192ms
2018-09-11 11:48:31.7566|INFO||Sent 17 metrics in 22,8505ms
2018-09-11 11:48:36.7604|INFO||Sent 17 metrics in 24,0205ms
2018-09-11 11:48:41.7758|INFO||Sent 17 metrics in 37,4454ms
2018-09-11 11:48:46.7694|INFO||Sent 17 metrics in 29,6656ms
2018-09-11 11:48:51.7601|INFO||Sent 17 metrics in 17,894ms
2018-09-11 11:48:56.7675|INFO||Sent 17 metrics in 23,5796ms
2018-09-11 11:49:01.7667|INFO||Sent 17 metrics in 20,273ms
2018-09-11 11:49:06.7684|INFO||Sent 17 metrics in 20,8116ms
2018-09-11 11:49:11.7702|INFO||Sent 17 metrics in 20,4996ms
2018-09-11 11:49:16.7729|INFO||Sent 17 metrics in 22,2204ms
2018-09-11 11:49:21.7691|INFO||Sent 17 metrics in 17,6401ms
2018-09-11 11:49:26.7778|INFO||Sent 17 metrics in 25,0996ms
2018-09-11 11:49:31.7805|INFO||Sent 17 metrics in 25,9506ms
2018-09-11 11:49:36.7851|INFO||Sent 17 metrics in 28,2867ms
2018-09-11 11:49:41.7766|INFO||Sent 17 metrics in 17,1903ms
2018-09-11 11:49:46.7789|INFO||Sent 17 metrics in 18,0341ms
2018-09-11 11:49:51.7780|INFO||Sent 17 metrics in 16,151ms
2018-09-11 11:49:56.7846|INFO||Sent 17 metrics in 20,2297ms
2018-09-11 11:50:01.7941|INFO||Sent 17 metrics in 28,4112ms
2018-09-11 11:50:06.7931|INFO||Sent 17 metrics in 26,2054ms
2018-09-11 11:50:11.7984|INFO||Sent 17 metrics in 30,189ms
2018-09-11 11:50:16.7949|INFO||Sent 17 metrics in 24,3539ms
2018-09-11 11:50:21.7895|INFO||Sent 17 metrics in 17,6646ms
2018-09-11 11:50:26.8085|INFO||Sent 17 metrics in 34,9273ms
2018-09-11 11:50:31.8219|INFO||Sent 17 metrics in 46,4137ms
2018-09-11 11:50:36.7954|INFO||Sent 17 metrics in 16,3058ms
2018-09-11 11:50:41.8014|INFO||Sent 17 metrics in 21,4667ms
2018-09-11 11:50:46.8008|INFO||Sent 17 metrics in 18,55ms
2018-09-11 11:50:51.8024|INFO||Sent 17 metrics in 18,6616ms
2018-09-11 11:50:56.8085|INFO||Sent 17 metrics in 24,3106ms
2018-09-11 11:51:01.8104|INFO||Sent 17 metrics in 24,4164ms
2018-09-11 11:51:06.8172|INFO||Sent 17 metrics in 30,1029ms
2018-09-11 11:51:11.8307|INFO||Sent 17 metrics in 41,5804ms
2018-09-11 11:51:16.8169|INFO||Sent 17 metrics in 21,1342ms
2018-09-11 11:51:21.8336|INFO||Sent 17 metrics in 36,1647ms
2018-09-11 11:51:26.8439|INFO||Sent 17 metrics in 44,1503ms
2018-09-11 11:51:31.8329|INFO||Sent 17 metrics in 30,7031ms
2018-09-11 11:51:36.8429|INFO||Sent 17 metrics in 39,637ms
2018-09-11 11:51:41.8362|INFO||Sent 17 metrics in 28,404ms
2018-09-11 11:51:46.8401|INFO||Sent 17 metrics in 30,2314ms
2018-09-11 11:51:51.8311|INFO||Sent 17 metrics in 19,2774ms
2018-09-11 11:51:56.8385|INFO||Sent 17 metrics in 25,5097ms
2018-09-11 11:52:01.8351|INFO||Sent 17 metrics in 20,5059ms
2018-09-11 11:52:06.8412|INFO||Sent 17 metrics in 25,9483ms
2018-09-11 11:52:11.8450|INFO||Sent 17 metrics in 28,2349ms
2018-09-11 11:52:16.8395|INFO||Sent 17 metrics in 20,5617ms
2018-09-11 11:52:21.8557|INFO||Sent 17 metrics in 35,3142ms
2018-09-11 11:52:26.8490|INFO||Sent 17 metrics in 24,3699ms
2018-09-11 11:52:31.8469|INFO||Sent 17 metrics in 20,9517ms
2018-09-11 11:52:36.8412|INFO||Sent 17 metrics in 13,4253ms
2018-09-11 11:52:41.8433|INFO||Sent 17 metrics in 13,872ms
2018-09-11 11:52:46.8508|INFO||Sent 17 metrics in 20,4818ms
2018-09-11 11:52:51.8592|INFO||Sent 17 metrics in 25,905ms
2018-09-11 11:52:56.8676|INFO||Sent 17 metrics in 32,9004ms
2018-09-11 11:53:01.8597|INFO||Sent 17 metrics in 21,3404ms
2018-09-11 11:53:06.8630|INFO||Sent 17 metrics in 23,1852ms
2018-09-11 11:53:11.8636|INFO||Sent 17 metrics in 21,4403ms
2018-09-11 11:53:16.8616|INFO||Sent 17 metrics in 18,4081ms
2018-09-11 11:53:21.8588|INFO||Sent 17 metrics in 14,5293ms
2018-09-11 11:53:26.8790|INFO||Sent 17 metrics in 32,3805ms
2018-09-11 11:53:31.8803|INFO||Sent 17 metrics in 31,4644ms
2018-09-11 11:53:36.8976|INFO||Sent 17 metrics in 45,2244ms
2018-09-11 11:53:41.8824|INFO||Sent 17 metrics in 27,0581ms
2018-09-11 11:53:46.8840|INFO||Sent 17 metrics in 25,781ms
2018-09-11 11:53:51.8825|INFO||Sent 17 metrics in 22,4863ms
2018-09-11 11:53:56.8816|INFO||Sent 17 metrics in 20,3167ms
2018-09-11 11:54:01.8847|INFO||Sent 17 metrics in 21,07ms
2018-09-11 11:54:06.8802|INFO||Sent 17 metrics in 15,2491ms
2018-09-11 11:54:11.9401|INFO||Sent 17 metrics in 73,761ms
2018-09-11 11:54:16.9138|INFO||Sent 17 metrics in 18,1265ms
2018-09-11 11:54:21.9321|INFO||Sent 17 metrics in 34,759ms
2018-09-11 11:54:26.9278|INFO||Sent 17 metrics in 27,4852ms
2018-09-11 11:54:31.9523|INFO||Sent 17 metrics in 48,3843ms
2018-09-11 11:54:36.9469|INFO||Sent 17 metrics in 39,1778ms
2018-09-11 11:54:41.9395|INFO||Sent 17 metrics in 18,9396ms
2018-09-11 11:54:46.9456|INFO||Sent 17 metrics in 24,1558ms
2018-09-11 11:54:51.9558|INFO||Sent 17 metrics in 31,6839ms
2018-09-11 11:54:56.9609|INFO||Sent 17 metrics in 34,8385ms
2018-09-11 11:55:01.9591|INFO||Sent 17 metrics in 28,3835ms
2018-09-11 11:55:06.9574|INFO||Sent 17 metrics in 24,0107ms
2018-09-11 11:55:11.9608|INFO||Sent 17 metrics in 25,3115ms
2018-09-11 11:55:16.9666|INFO||Sent 17 metrics in 29,0132ms
2018-09-11 11:55:21.9691|INFO||Sent 17 metrics in 28,815ms
2018-09-11 11:55:26.9743|INFO||Sent 17 metrics in 31,5661ms
2018-09-11 11:55:31.9765|INFO||Sent 17 metrics in 29,9953ms
2018-09-11 11:55:36.9676|INFO||Sent 17 metrics in 20,4091ms
2018-09-11 11:55:41.9661|INFO||Sent 17 metrics in 16,8337ms
2018-09-11 11:55:46.9829|INFO||Sent 17 metrics in 33,0588ms
2018-09-11 11:55:51.9765|INFO||Sent 17 metrics in 24,112ms
2018-09-11 11:55:56.9694|INFO||Sent 17 metrics in 14,7167ms
2018-09-11 11:56:01.9736|INFO||Sent 17 metrics in 17,6365ms
2018-09-11 11:56:06.9780|INFO||Sent 17 metrics in 20,9695ms
2018-09-11 11:56:11.9851|INFO||Sent 17 metrics in 26,7989ms
2018-09-11 11:56:16.9830|INFO||Sent 17 metrics in 22,6657ms
2018-09-11 11:56:21.9819|INFO||Sent 17 metrics in 20,7134ms
2018-09-11 11:56:26.9777|INFO||Sent 17 metrics in 14,3584ms
2018-09-11 11:56:31.9835|INFO||Sent 17 metrics in 19,139ms
2018-09-11 11:56:36.9936|INFO||Sent 17 metrics in 28,2608ms
2018-09-11 11:56:41.9827|INFO||Sent 17 metrics in 14,7859ms
2018-09-11 11:56:46.9975|INFO||Sent 17 metrics in 28,8753ms
2018-09-11 11:56:51.9950|INFO||Sent 17 metrics in 24,2977ms
2018-09-11 11:56:56.9981|INFO||Sent 17 metrics in 25,2325ms
2018-09-11 11:57:01.9952|INFO||Sent 17 metrics in 20,0927ms
2018-09-11 11:57:07.0103|INFO||Sent 17 metrics in 33,3306ms
2018-09-11 11:57:12.0243|INFO||Sent 17 metrics in 45,2244ms
2018-09-11 11:57:16.9996|INFO||Sent 17 metrics in 18,7941ms
2018-09-11 11:57:22.0059|INFO||Sent 17 metrics in 21,3694ms
2018-09-11 11:57:27.0076|INFO||Sent 17 metrics in 20,8134ms
2018-09-11 11:57:32.0094|INFO||Sent 17 metrics in 20,5135ms
2018-09-11 11:57:37.0126|INFO||Sent 17 metrics in 21,8861ms
2018-09-11 11:57:42.0131|INFO||Sent 17 metrics in 21,1476ms
2018-09-11 11:57:47.0134|INFO||Sent 17 metrics in 19,5215ms
2018-09-11 11:57:52.0270|INFO||Sent 17 metrics in 31,0293ms
2018-09-11 11:57:57.0211|INFO||Sent 17 metrics in 22,7586ms
2018-09-11 11:58:02.0337|INFO||Sent 17 metrics in 32,4158ms
2018-09-11 11:58:07.0247|INFO||Sent 17 metrics in 20,6166ms
2018-09-11 11:58:12.0197|INFO||Sent 17 metrics in 13,6448ms
2018-09-11 11:58:17.0367|INFO||Sent 17 metrics in 30,4889ms
2018-09-11 11:58:22.0238|INFO||Sent 17 metrics in 15,2161ms
2018-09-11 11:58:27.0275|INFO||Sent 17 metrics in 17,031ms
2018-09-11 11:58:32.0335|INFO||Sent 17 metrics in 20,8959ms
2018-09-11 11:58:37.0347|INFO||Sent 17 metrics in 21,2194ms
2018-09-11 11:58:42.0479|INFO||Sent 17 metrics in 32,1721ms
2018-09-11 11:58:47.0375|INFO||Sent 17 metrics in 19,5835ms
2018-09-11 11:58:52.0473|INFO||Sent 17 metrics in 27,69ms
2018-09-11 11:58:57.0463|INFO||Sent 17 metrics in 25,665ms
2018-09-11 11:59:02.0422|INFO||Sent 17 metrics in 18,5107ms
2018-09-11 11:59:07.0640|INFO||Sent 17 metrics in 38,8556ms
2018-09-11 11:59:12.0464|INFO||Sent 17 metrics in 18,1952ms
2018-09-11 11:59:17.0620|INFO||Sent 17 metrics in 32,2351ms
2018-09-11 11:59:22.0508|INFO||Sent 17 metrics in 20,223ms
2018-09-11 11:59:27.0721|INFO||Sent 17 metrics in 39,6651ms
2018-09-11 11:59:32.0630|INFO||Sent 17 metrics in 28,6508ms
2018-09-11 11:59:37.0657|INFO||Sent 17 metrics in 29,3532ms
2018-09-11 11:59:42.0719|INFO||Sent 17 metrics in 33,5314ms
2018-09-11 11:59:47.0610|INFO||Sent 17 metrics in 20,8071ms
2018-09-11 11:59:52.0574|INFO||Sent 17 metrics in 15,5316ms
2018-09-11 11:59:57.0647|INFO||Sent 17 metrics in 21,4555ms
2018-09-11 12:00:02.0595|INFO||Sent 17 metrics in 14,1299ms
2018-09-11 12:00:07.0746|INFO||Sent 17 metrics in 27,2648ms
2018-09-11 12:00:12.0793|INFO||Sent 17 metrics in 30,6433ms
2018-09-11 12:00:17.0805|INFO||Sent 17 metrics in 28,603ms
2018-09-11 12:00:22.0781|INFO||Sent 17 metrics in 24,5444ms
2018-09-11 12:00:27.1139|INFO||Sent 17 metrics in 58,7345ms
2018-09-11 12:00:32.0952|INFO||Sent 17 metrics in 32,1596ms
2018-09-11 12:00:37.0966|INFO||Sent 17 metrics in 30,2493ms
2018-09-11 12:00:42.1008|INFO||Sent 17 metrics in 32,6197ms
2018-09-11 12:00:47.0983|INFO||Sent 17 metrics in 27,2152ms
2018-09-11 12:00:52.1094|INFO||Sent 17 metrics in 36,5641ms
2018-09-11 12:00:57.1034|INFO||Sent 17 metrics in 27,4263ms
2018-09-11 12:01:02.0977|INFO||Sent 17 metrics in 19,9655ms
2018-09-11 12:01:07.1001|INFO||Sent 17 metrics in 20,339ms
2018-09-11 12:01:12.1013|INFO||Sent 17 metrics in 20,0427ms
2018-09-11 12:01:17.1186|INFO||Sent 17 metrics in 34,9594ms
2018-09-11 12:01:22.1076|INFO||Sent 17 metrics in 21,2467ms
2018-09-11 12:01:27.1118|INFO||Sent 17 metrics in 24,2035ms
2018-09-11 12:01:32.1061|INFO||Sent 17 metrics in 17,367ms
2018-09-11 12:01:37.1134|INFO||Sent 17 metrics in 22,4984ms
2018-09-11 12:01:42.1120|INFO||Sent 17 metrics in 20,2515ms
2018-09-11 12:01:47.1130|INFO||Sent 17 metrics in 19,1243ms
2018-09-11 12:01:52.1298|INFO||Sent 17 metrics in 33,9647ms
2018-09-11 12:01:57.1209|INFO||Sent 17 metrics in 22,6778ms
2018-09-11 12:02:02.1188|INFO||Sent 17 metrics in 18,0542ms
2018-09-11 12:02:07.1233|INFO||Sent 17 metrics in 20,4479ms
2018-09-11 12:02:12.1226|INFO||Sent 17 metrics in 18,2537ms
2018-09-11 12:02:17.1448|INFO||Sent 17 metrics in 36,0875ms
2018-09-11 12:02:22.1324|INFO||Sent 17 metrics in 19,9436ms
2018-09-11 12:02:27.1501|INFO||Sent 17 metrics in 36,5489ms
2018-09-11 12:02:32.1472|INFO||Sent 17 metrics in 30,1274ms
2018-09-11 12:02:37.1477|INFO||Sent 17 metrics in 27,8694ms
2018-09-11 12:02:42.1485|INFO||Sent 17 metrics in 25,81ms
2018-09-11 12:02:47.1424|INFO||Sent 17 metrics in 17,1782ms
2018-09-11 12:02:52.1503|INFO||Sent 17 metrics in 24,2847ms
2018-09-11 12:02:57.1609|INFO||Sent 17 metrics in 31,9173ms
2018-09-11 12:03:02.1527|INFO||Sent 17 metrics in 19,3278ms
2018-09-11 12:03:07.1664|INFO||Sent 17 metrics in 30,6245ms
2018-09-11 12:03:12.1647|INFO||Sent 17 metrics in 25,8917ms
2018-09-11 12:03:17.1701|INFO||Sent 17 metrics in 29,8833ms
2018-09-11 12:03:22.1778|INFO||Sent 17 metrics in 33,0396ms
2018-09-11 12:03:27.1680|INFO||Sent 17 metrics in 21,2757ms
2018-09-11 12:03:32.1899|INFO||Sent 17 metrics in 41,2983ms
2018-09-11 12:03:37.1828|INFO||Sent 17 metrics in 31,3207ms
2018-09-11 12:03:42.1763|INFO||Sent 17 metrics in 21,891ms
2018-09-11 12:03:47.1880|INFO||Sent 17 metrics in 32,6394ms
2018-09-11 12:03:52.1860|INFO||Sent 17 metrics in 26,1942ms
2018-09-11 12:03:57.1874|INFO||Sent 17 metrics in 25,7542ms
2018-09-11 12:04:02.1853|INFO||Sent 17 metrics in 21,6304ms
2018-09-11 12:04:07.1882|INFO||Sent 17 metrics in 23,1504ms
2018-09-11 12:04:12.1980|INFO||Sent 17 metrics in 32,011ms
2018-09-11 12:04:17.1959|INFO||Sent 17 metrics in 26,4544ms
2018-09-11 12:04:22.2053|INFO||Sent 17 metrics in 34,5738ms
2018-09-11 12:04:27.1996|INFO||Sent 17 metrics in 25,0598ms
2018-09-11 12:04:32.2076|INFO||Sent 17 metrics in 29,699ms
2018-09-11 12:04:37.2095|INFO||Sent 17 metrics in 30,1007ms
2018-09-11 12:04:42.2010|INFO||Sent 17 metrics in 19,5134ms
2018-09-11 12:04:47.2105|INFO||Sent 17 metrics in 28,1256ms
2018-09-11 12:04:52.2117|INFO||Sent 17 metrics in 24,9884ms
2018-09-11 12:04:57.2243|INFO||Sent 17 metrics in 35,324ms
2018-09-11 12:05:02.2209|INFO||Sent 17 metrics in 28,9413ms
2018-09-11 12:05:07.2123|INFO||Sent 17 metrics in 18,7539ms
2018-09-11 12:05:12.2158|INFO||Sent 17 metrics in 19,9325ms
2018-09-11 12:05:17.2236|INFO||Sent 17 metrics in 26,9903ms
2018-09-11 12:05:22.2199|INFO||Sent 17 metrics in 21,4502ms
2018-09-11 12:05:27.2296|INFO||Sent 17 metrics in 28,8293ms
2018-09-11 12:05:32.2282|INFO||Sent 17 metrics in 26,0273ms
2018-09-11 12:05:37.2268|INFO||Sent 17 metrics in 22,3244ms
2018-09-11 12:05:42.2354|INFO||Sent 17 metrics in 29,2885ms
2018-09-11 12:05:47.2332|INFO||Sent 17 metrics in 24,3664ms
2018-09-11 12:05:52.2432|INFO||Sent 17 metrics in 31,1052ms
2018-09-11 12:05:57.2365|INFO||Sent 17 metrics in 20,7152ms
2018-09-11 12:06:02.2388|INFO||Sent 17 metrics in 21,8951ms
2018-09-11 12:06:07.2396|INFO||Sent 17 metrics in 20,8455ms
2018-09-11 12:06:12.2426|INFO||Sent 17 metrics in 22,9821ms
2018-09-11 12:06:17.2480|INFO||Sent 17 metrics in 26,918ms
2018-09-11 12:06:22.2457|INFO||Sent 17 metrics in 21,4609ms
2018-09-11 12:06:27.2452|INFO||Sent 17 metrics in 20,1444ms
2018-09-11 12:06:32.2471|INFO||Sent 17 metrics in 20,4983ms
2018-09-11 12:06:37.2625|INFO||Sent 17 metrics in 33,9174ms
2018-09-11 12:06:42.2662|INFO||Sent 17 metrics in 32,5742ms
2018-09-11 12:06:47.2516|INFO||Sent 17 metrics in 13,4106ms
2018-09-11 12:06:52.2608|INFO||Sent 17 metrics in 21,3863ms
2018-09-11 12:06:57.2773|INFO||Sent 17 metrics in 35,1361ms
2018-09-11 12:07:02.2584|INFO||Sent 17 metrics in 13,0906ms
2018-09-11 12:07:07.2661|INFO||Sent 17 metrics in 20,1101ms
2018-09-11 12:07:12.2793|INFO||Sent 17 metrics in 31,9785ms
2018-09-11 12:07:17.2709|INFO||Sent 17 metrics in 21,4479ms
2018-09-11 12:07:22.2832|INFO||Sent 17 metrics in 30,7017ms
2018-09-11 12:07:27.2937|INFO||Sent 17 metrics in 39,1389ms
2018-09-11 12:07:32.2836|INFO||Sent 17 metrics in 25,5021ms
2018-09-11 12:07:37.2940|INFO||Sent 17 metrics in 33,3355ms
2018-09-11 12:07:42.2957|INFO||Sent 17 metrics in 32,6028ms
2018-09-11 12:07:47.2916|INFO||Sent 17 metrics in 25,2852ms
2018-09-11 12:07:52.3048|INFO||Sent 17 metrics in 35,208ms
2018-09-11 12:07:57.2929|INFO||Sent 17 metrics in 19,0801ms
2018-09-11 12:08:02.2902|INFO||Sent 17 metrics in 15,1942ms
2018-09-11 12:08:07.3091|INFO||Sent 17 metrics in 32,7134ms
2018-09-11 12:08:12.3052|INFO||Sent 17 metrics in 25,7935ms
2018-09-11 12:08:17.3096|INFO||Sent 17 metrics in 29,0729ms
2018-09-11 12:08:22.3146|INFO||Sent 17 metrics in 30,6268ms
2018-09-11 12:08:27.3243|INFO||Sent 17 metrics in 35,8389ms
2018-09-11 12:08:32.3227|INFO||Sent 17 metrics in 31,683ms
2018-09-11 12:08:37.3089|INFO||Sent 17 metrics in 13,4962ms
2018-09-11 12:08:42.3126|INFO||Sent 17 metrics in 15,9533ms
2018-09-11 12:08:47.3194|INFO||Sent 17 metrics in 21,0784ms
2018-09-11 12:08:52.3248|INFO||Sent 17 metrics in 23,755ms
2018-09-11 12:08:57.3213|INFO||Sent 17 metrics in 17,9369ms
2018-09-11 12:09:02.3236|INFO||Sent 17 metrics in 19,1685ms
2018-09-11 12:09:07.3365|INFO||Sent 17 metrics in 30,6504ms
2018-09-11 12:09:12.3402|INFO||Sent 17 metrics in 31,5608ms
2018-09-11 12:09:17.3277|INFO||Sent 17 metrics in 16,0939ms
2018-09-11 12:09:22.3629|INFO||Sent 17 metrics in 45,9679ms
2018-09-11 12:09:27.3394|INFO||Sent 17 metrics in 18,2577ms
2018-09-11 12:09:32.3545|INFO||Sent 17 metrics in 32,4908ms
2018-09-11 12:09:37.3555|INFO||Sent 17 metrics in 30,1814ms
2018-09-11 12:09:42.3546|INFO||Sent 17 metrics in 27,4281ms
2018-09-11 12:09:47.3504|INFO||Sent 17 metrics in 21,7773ms
2018-09-11 12:09:52.3511|INFO||Sent 17 metrics in 21,1971ms
2018-09-11 12:09:57.3779|INFO||Sent 17 metrics in 46,4471ms
2018-09-11 12:10:02.3599|INFO||Sent 17 metrics in 25,494ms
2018-09-11 12:10:07.3690|INFO||Sent 17 metrics in 32,1561ms
2018-09-11 12:10:12.3677|INFO||Sent 17 metrics in 28,3027ms
2018-09-11 12:10:17.3570|INFO||Sent 17 metrics in 13,8434ms
2018-09-11 12:10:22.3675|INFO||Sent 17 metrics in 23,0589ms
2018-09-11 12:10:27.3785|INFO||Sent 17 metrics in 31,9843ms
2018-09-11 12:10:32.3755|INFO||Sent 17 metrics in 26,8123ms
2018-09-11 12:10:37.3724|INFO||Sent 17 metrics in 22,5296ms
2018-09-11 12:10:42.3670|INFO||Sent 17 metrics in 16,0416ms
2018-09-11 12:10:47.3843|INFO||Sent 17 metrics in 31,1328ms
2018-09-11 12:10:52.3841|INFO||Sent 17 metrics in 27,8663ms
2018-09-11 12:10:57.3727|INFO||Sent 17 metrics in 13,3896ms
2018-09-11 12:11:02.3902|INFO||Sent 17 metrics in 29,7722ms
2018-09-11 12:11:07.3812|INFO||Sent 17 metrics in 17,8489ms
2018-09-11 12:11:12.3964|INFO||Sent 17 metrics in 31,3582ms
2018-09-11 12:11:17.3931|INFO||Sent 17 metrics in 24,9403ms
2018-09-11 12:11:22.3917|INFO||Sent 17 metrics in 20,2279ms
2018-09-11 12:11:27.3966|INFO||Sent 17 metrics in 23,0218ms
2018-09-11 12:11:32.4159|INFO||Sent 17 metrics in 40,3777ms
2018-09-11 12:11:37.4111|INFO||Sent 17 metrics in 33,9817ms
2018-09-11 12:11:42.4140|INFO||Sent 17 metrics in 33,7568ms
2018-09-11 12:11:47.4126|INFO||Sent 17 metrics in 30,8575ms
2018-09-11 12:11:52.4210|INFO||Sent 17 metrics in 35,6881ms
2018-09-11 12:11:57.4174|INFO||Sent 17 metrics in 29,0841ms
2018-09-11 12:12:02.4221|INFO||Sent 17 metrics in 31,2283ms
2018-09-11 12:12:07.4174|INFO||Sent 17 metrics in 23,7224ms
2018-09-11 12:12:12.4263|INFO||Sent 17 metrics in 31,1159ms
2018-09-11 12:12:17.4383|INFO||Sent 17 metrics in 40,4058ms
2018-09-11 12:12:22.4405|INFO||Sent 17 metrics in 35,5444ms
2018-09-11 12:12:27.4411|INFO||Sent 17 metrics in 31,696ms
2018-09-11 12:12:32.4517|INFO||Sent 17 metrics in 38,8877ms
2018-09-11 12:12:37.4470|INFO||Sent 17 metrics in 30,6098ms
2018-09-11 12:12:42.4434|INFO||Sent 17 metrics in 24,751ms
2018-09-11 12:12:47.4514|INFO||Sent 17 metrics in 30,8914ms
2018-09-11 12:12:52.4668|INFO||Sent 17 metrics in 43,1266ms
2018-09-11 12:12:57.4727|INFO||Sent 17 metrics in 32,8536ms
2018-09-11 12:13:02.4732|INFO||Sent 17 metrics in 30,6638ms
2018-09-11 12:13:07.4751|INFO||Sent 17 metrics in 29,38ms
2018-09-11 12:13:12.4937|INFO||Sent 17 metrics in 45,8389ms
2018-09-11 12:13:17.4796|INFO||Sent 17 metrics in 29,7856ms
2018-09-11 12:13:22.4845|INFO||Sent 17 metrics in 31,3176ms
2018-09-11 12:13:27.4773|INFO||Sent 17 metrics in 22,1976ms
2018-09-11 12:13:32.4876|INFO||Sent 17 metrics in 31,4653ms
2018-09-11 12:13:37.4971|INFO||Sent 17 metrics in 37,5052ms
2018-09-11 12:13:42.4993|INFO||Sent 17 metrics in 36,5761ms
2018-09-11 12:13:47.4965|INFO||Sent 17 metrics in 31,3854ms
2018-09-11 12:13:52.4916|INFO||Sent 17 metrics in 25,0224ms
2018-09-11 12:13:57.5008|INFO||Sent 17 metrics in 31,0155ms
2018-09-11 12:14:02.5019|INFO||Sent 17 metrics in 28,1938ms
2018-09-11 12:14:07.4971|INFO||Sent 17 metrics in 20,9905ms
2018-09-11 12:14:12.4964|INFO||Sent 17 metrics in 18,7004ms
2018-09-11 12:14:17.5069|INFO||Sent 17 metrics in 26,5695ms
2018-09-11 12:14:22.4950|INFO||Sent 17 metrics in 12,2173ms
2018-09-11 12:14:27.5167|INFO||Sent 17 metrics in 31,9789ms
2018-09-11 12:14:32.5114|INFO||Sent 17 metrics in 23,2722ms
2018-09-11 12:14:37.5080|INFO||Sent 17 metrics in 16,9761ms
2018-09-11 12:14:42.5167|INFO||Sent 17 metrics in 24,5199ms
2018-09-11 12:14:47.5251|INFO||Sent 17 metrics in 30,8392ms
2018-09-11 12:14:52.5244|INFO||Sent 17 metrics in 26,9368ms
2018-09-11 12:14:57.5343|INFO||Sent 17 metrics in 33,4051ms
2018-09-11 12:15:02.5352|INFO||Sent 17 metrics in 30,3635ms
2018-09-11 12:15:07.5347|INFO||Sent 17 metrics in 27,8779ms
2018-09-11 12:15:12.5379|INFO||Sent 17 metrics in 28,4005ms
2018-09-11 12:15:17.5471|INFO||Sent 17 metrics in 35,7555ms
2018-09-11 12:15:22.5470|INFO||Sent 17 metrics in 33,178ms
2018-09-11 12:15:27.5312|INFO||Sent 17 metrics in 14,2611ms
2018-09-11 12:15:32.5494|INFO||Sent 17 metrics in 31,3118ms
2018-09-11 12:15:37.5421|INFO||Sent 17 metrics in 21,273ms
2018-09-11 12:15:42.5541|INFO||Sent 17 metrics in 30,9186ms
2018-09-11 12:15:47.5457|INFO||Sent 17 metrics in 19,5817ms
2018-09-11 12:15:52.5531|INFO||Sent 17 metrics in 24,8577ms
2018-09-11 12:15:57.5649|INFO||Sent 17 metrics in 34,311ms
2018-09-11 12:16:02.5496|INFO||Sent 17 metrics in 14,9631ms
2018-09-11 12:16:07.5490|INFO||Sent 17 metrics in 13,0348ms
2018-09-11 12:16:12.5565|INFO||Sent 17 metrics in 19,1591ms
2018-09-11 12:16:17.5632|INFO||Sent 17 metrics in 14,8087ms
2018-09-11 12:16:22.5730|INFO||Sent 17 metrics in 20,3171ms
2018-09-11 12:16:27.5713|INFO||Sent 17 metrics in 17,429ms
2018-09-11 12:16:32.5680|INFO||Sent 17 metrics in 12,0665ms
2018-09-11 12:16:37.5873|INFO||Sent 17 metrics in 24,27ms
2018-09-11 12:16:42.5938|INFO||Sent 17 metrics in 22,7782ms
2018-09-11 12:16:47.6149|INFO||Sent 17 metrics in 29,0542ms
2018-09-11 12:16:52.6049|INFO||Sent 17 metrics in 14,2272ms
2018-09-11 12:16:57.6090|INFO||Sent 17 metrics in 16,2264ms
2018-09-11 12:17:02.6087|INFO||Sent 17 metrics in 13,7386ms
2018-09-11 12:17:07.6176|INFO||Sent 17 metrics in 21,0311ms
2018-09-11 12:17:12.6185|INFO||Sent 17 metrics in 20,9673ms
2018-09-11 12:17:17.6184|INFO||Sent 17 metrics in 20,1984ms
2018-09-11 12:17:22.6187|INFO||Sent 17 metrics in 19,3024ms
2018-09-11 12:17:27.6174|INFO||Sent 17 metrics in 17,1506ms
2018-09-11 12:17:32.6309|INFO||Sent 17 metrics in 28,7387ms
2018-09-11 12:17:37.6225|INFO||Sent 17 metrics in 17,4652ms
2018-09-11 12:17:42.6266|INFO||Sent 17 metrics in 20,3908ms
2018-09-11 12:17:47.6276|INFO||Sent 17 metrics in 19,4898ms
2018-09-11 12:17:52.6385|INFO||Sent 17 metrics in 30,0957ms
2018-09-11 12:17:57.6247|INFO||Sent 17 metrics in 14,146ms
2018-09-11 12:18:02.6393|INFO||Sent 17 metrics in 27,5593ms
2018-09-11 12:18:07.6329|INFO||Sent 17 metrics in 19,0208ms
2018-09-11 12:18:12.6416|INFO||Sent 17 metrics in 25,5699ms
2018-09-11 12:18:17.6509|INFO||Sent 17 metrics in 31,3341ms
2018-09-11 12:18:22.6500|INFO||Sent 17 metrics in 27,7815ms
2018-09-11 12:18:27.6381|INFO||Sent 17 metrics in 13,9032ms
2018-09-11 12:18:32.6521|INFO||Sent 17 metrics in 26,1509ms
2018-09-11 12:18:37.6506|INFO||Sent 17 metrics in 22,5577ms
2018-09-11 12:18:42.6568|INFO||Sent 17 metrics in 27,1643ms
2018-09-11 12:18:47.6479|INFO||Sent 17 metrics in 16,4589ms
2018-09-11 12:18:52.6660|INFO||Sent 17 metrics in 32,0392ms
2018-09-11 12:18:57.6486|INFO||Sent 17 metrics in 13,3365ms
2018-09-11 12:19:02.6567|INFO||Sent 17 metrics in 20,2734ms
2018-09-11 12:19:07.6572|INFO||Sent 17 metrics in 19,5322ms
2018-09-11 12:19:12.6582|INFO||Sent 17 metrics in 19,2957ms
2018-09-11 12:19:17.6623|INFO||Sent 17 metrics in 22,0374ms
2018-09-11 12:19:22.6584|INFO||Sent 17 metrics in 17,2148ms
2018-09-11 12:19:27.6669|INFO||Sent 17 metrics in 19,4269ms
2018-09-11 12:19:32.6695|INFO||Sent 17 metrics in 18,9721ms
2018-09-11 12:19:37.6695|INFO||Sent 17 metrics in 18,0489ms
2018-09-11 12:19:42.6716|INFO||Sent 17 metrics in 19,1498ms
2018-09-11 12:19:47.6756|INFO||Sent 17 metrics in 21,9589ms
2018-09-11 12:19:52.6786|INFO||Sent 17 metrics in 23,5502ms
2018-09-11 12:19:57.6752|INFO||Sent 17 metrics in 19,1002ms
2018-09-11 12:20:02.6773|INFO||Sent 17 metrics in 19,8102ms
2018-09-11 12:20:07.6881|INFO||Sent 17 metrics in 23,4908ms
2018-09-11 12:20:12.6872|INFO||Sent 17 metrics in 14,0179ms
2018-09-11 12:20:17.7007|INFO||Sent 17 metrics in 21,7581ms
2018-09-11 12:20:22.6978|INFO||Sent 17 metrics in 16,6057ms
2018-09-11 12:20:27.7063|INFO||Sent 17 metrics in 17,8244ms
2018-09-11 12:20:32.7094|INFO||Sent 17 metrics in 19,5947ms
2018-09-11 12:20:37.7110|INFO||Sent 17 metrics in 19,8089ms
2018-09-11 12:20:42.7185|INFO||Sent 17 metrics in 26,0144ms
2018-09-11 12:20:47.7125|INFO||Sent 17 metrics in 19,0047ms
2018-09-11 12:20:52.7196|INFO||Sent 17 metrics in 20,5349ms
2018-09-11 12:20:57.7256|INFO||Sent 17 metrics in 19,9824ms
2018-09-11 12:21:02.7294|INFO||Sent 17 metrics in 22,8469ms
2018-09-11 12:21:07.7320|INFO||Sent 17 metrics in 24,1656ms
2018-09-11 12:21:12.7301|INFO||Sent 17 metrics in 21,0677ms
2018-09-11 12:21:17.7332|INFO||Sent 17 metrics in 22,6166ms
2018-09-11 12:21:22.7302|INFO||Sent 17 metrics in 17,9784ms
2018-09-11 12:21:27.7328|INFO||Sent 17 metrics in 19,7464ms
2018-09-11 12:21:32.7333|INFO||Sent 17 metrics in 18,0667ms
2018-09-11 12:21:37.7439|INFO||Sent 17 metrics in 26,7538ms
2018-09-11 12:21:42.7384|INFO||Sent 17 metrics in 19,5773ms
2018-09-11 12:21:47.7660|INFO||Sent 17 metrics in 46,3574ms
2018-09-11 12:21:52.7390|INFO||Sent 17 metrics in 17,7624ms
2018-09-11 12:21:57.7401|INFO||Sent 17 metrics in 17,1465ms
2018-09-11 12:22:02.7431|INFO||Sent 17 metrics in 18,5656ms
2018-09-11 12:22:07.7457|INFO||Sent 17 metrics in 19,4755ms
2018-09-11 12:22:12.7467|INFO||Sent 17 metrics in 19,4934ms
2018-09-11 12:22:17.7508|INFO||Sent 17 metrics in 15,6311ms
2018-09-11 12:22:22.7578|INFO||Sent 17 metrics in 16,4058ms
2018-09-11 12:22:27.7609|INFO||Sent 17 metrics in 18,0033ms
2018-09-11 12:22:32.7641|INFO||Sent 17 metrics in 20,4198ms
2018-09-11 12:22:37.7614|INFO||Sent 17 metrics in 15,943ms
2018-09-11 12:22:42.8870|INFO||Sent 17 metrics in 111,6804ms
2018-09-11 12:22:47.8826|INFO||Sent 17 metrics in 22,3685ms
2018-09-11 12:22:52.9562|INFO||Sent 17 metrics in 86,9766ms
2018-09-11 12:22:57.9257|INFO||Sent 17 metrics in 19,1426ms
2018-09-11 12:23:02.9259|INFO||Sent 17 metrics in 17,7115ms
2018-09-11 12:23:07.9395|INFO||Sent 17 metrics in 29,6107ms
2018-09-11 12:23:12.9457|INFO||Sent 17 metrics in 20,0909ms
2018-09-11 12:23:17.9458|INFO||Sent 17 metrics in 19,3836ms
2018-09-11 12:23:22.9498|INFO||Sent 17 metrics in 22,356ms
2018-09-11 12:23:27.9494|INFO||Sent 17 metrics in 20,2457ms
2018-09-11 12:23:32.9484|INFO||Sent 17 metrics in 17,682ms
2018-09-11 12:23:37.9663|INFO||Sent 17 metrics in 33,6604ms
2018-09-11 12:23:42.9541|INFO||Sent 17 metrics in 19,3082ms
2018-09-11 12:23:47.9581|INFO||Sent 17 metrics in 22,6586ms
2018-09-11 12:23:52.9634|INFO||Sent 17 metrics in 26,4963ms
2018-09-11 12:23:57.9606|INFO||Sent 17 metrics in 19,4603ms
2018-09-11 12:24:02.9799|INFO||Sent 17 metrics in 20,6768ms
2018-09-11 12:24:07.9921|INFO||Sent 17 metrics in 31,4055ms
2018-09-11 12:24:12.9859|INFO||Sent 17 metrics in 23,4163ms
2018-09-11 12:24:17.9949|INFO||Sent 17 metrics in 30,5322ms
2018-09-11 12:24:22.9934|INFO||Sent 17 metrics in 27,3085ms
2018-09-11 12:24:27.9916|INFO||Sent 17 metrics in 23,8456ms
2018-09-11 12:24:32.9863|INFO||Sent 17 metrics in 17,2876ms
2018-09-11 12:24:38.0015|INFO||Sent 17 metrics in 30,5411ms
2018-09-11 12:24:43.0017|INFO||Sent 17 metrics in 28,359ms
2018-09-11 12:24:48.0033|INFO||Sent 17 metrics in 28,2362ms
2018-09-11 12:24:53.0019|INFO||Sent 17 metrics in 23,8608ms
2018-09-11 12:24:58.0091|INFO||Sent 17 metrics in 28,3277ms
2018-09-11 12:25:03.0137|INFO||Sent 17 metrics in 30,7517ms
2018-09-11 12:25:08.0051|INFO||Sent 17 metrics in 19,7678ms
2018-09-11 12:25:13.0165|INFO||Sent 17 metrics in 29,504ms
2018-09-11 12:25:18.0210|INFO||Sent 17 metrics in 30,3064ms
2018-09-11 12:25:23.0261|INFO||Sent 17 metrics in 33,2757ms
2018-09-11 12:25:28.0267|INFO||Sent 17 metrics in 32,1003ms
2018-09-11 12:25:33.0164|INFO||Sent 17 metrics in 18,4884ms
2018-09-11 12:25:38.0287|INFO||Sent 17 metrics in 29,8677ms
2018-09-11 12:25:43.0314|INFO||Sent 17 metrics in 30,0641ms
2018-09-11 12:25:48.0487|INFO||Sent 17 metrics in 44,4042ms
2018-09-11 12:25:53.0389|INFO||Sent 17 metrics in 30,7906ms
2018-09-11 12:25:58.0416|INFO||Sent 17 metrics in 30,4215ms
2018-09-11 12:26:03.0439|INFO||Sent 17 metrics in 29,7285ms
2018-09-11 12:26:08.0314|INFO||Sent 17 metrics in 15,1175ms
2018-09-11 12:26:13.0459|INFO||Sent 17 metrics in 27,939ms
2018-09-11 12:26:18.0563|INFO||Sent 17 metrics in 34,8077ms
2018-09-11 12:26:23.0454|INFO||Sent 17 metrics in 21,7643ms
2018-09-11 12:26:28.0461|INFO||Sent 17 metrics in 20,8558ms
2018-09-11 12:26:33.0561|INFO||Sent 17 metrics in 28,9083ms
2018-09-11 12:26:38.0614|INFO||Sent 17 metrics in 30,9061ms
2018-09-11 12:26:43.0618|INFO||Sent 17 metrics in 28,4254ms
2018-09-11 12:26:48.0643|INFO||Sent 17 metrics in 28,4924ms
2018-09-11 12:26:53.0606|INFO||Sent 17 metrics in 23,0767ms
2018-09-11 12:26:58.0681|INFO||Sent 17 metrics in 28,3893ms
2018-09-11 12:27:03.0667|INFO||Sent 17 metrics in 25,1826ms
2018-09-11 12:27:08.0734|INFO||Sent 17 metrics in 28,0992ms
2018-09-11 12:27:13.0773|INFO||Sent 17 metrics in 29,2898ms
2018-09-11 12:27:18.0855|INFO||Sent 17 metrics in 35,2075ms
2018-09-11 12:27:23.0751|INFO||Sent 17 metrics in 22,8902ms
2018-09-11 12:27:28.0841|INFO||Sent 17 metrics in 28,1907ms
2018-09-11 12:27:33.0883|INFO||Sent 17 metrics in 29,0609ms
2018-09-11 12:27:38.0893|INFO||Sent 17 metrics in 27,9676ms
2018-09-11 12:27:43.0932|INFO||Sent 17 metrics in 28,9391ms
